{"/Users/shreyanimbhorkar/Desktop/VPA/video-perception-analyzer-frontend/App.js": {"path":"/Users/shreyanimbhorkar/Desktop/VPA/video-perception-analyzer-frontend/App.js","statementMap":{"0":{"start":{"line":14,"column":0},"end":{"line":14,"column":29}},"1":{"start":{"line":15,"column":0},"end":{"line":15,"column":36}},"2":{"start":{"line":16,"column":0},"end":{"line":16,"column":23}},"3":{"start":{"line":18,"column":12},"end":{"line":60,"column":1}},"4":{"start":{"line":19,"column":34},"end":{"line":19,"column":49}},"5":{"start":{"line":20,"column":52},"end":{"line":20,"column":64}},"6":{"start":{"line":22,"column":19},"end":{"line":28,"column":4}},"7":{"start":{"line":30,"column":32},"end":{"line":41,"column":3}},"8":{"start":{"line":31,"column":4},"end":{"line":40,"column":40}},"9":{"start":{"line":34,"column":6},"end":{"line":38,"column":7}},"10":{"start":{"line":35,"column":8},"end":{"line":35,"column":49}},"11":{"start":{"line":37,"column":8},"end":{"line":37,"column":35}},"12":{"start":{"line":40,"column":19},"end":{"line":40,"column":39}},"13":{"start":{"line":43,"column":2},"end":{"line":49,"column":3}},"14":{"start":{"line":44,"column":4},"end":{"line":48,"column":6}},"15":{"start":{"line":46,"column":20},"end":{"line":46,"column":37}},"16":{"start":{"line":51,"column":2},"end":{"line":59,"column":4}}},"fnMap":{"0":{"name":"(anonymous_0)","decl":{"start":{"line":18,"column":12},"end":{"line":18,"column":13}},"loc":{"start":{"line":18,"column":18},"end":{"line":60,"column":1}},"line":18},"1":{"name":"(anonymous_1)","decl":{"start":{"line":30,"column":32},"end":{"line":30,"column":33}},"loc":{"start":{"line":30,"column":38},"end":{"line":41,"column":3}},"line":30},"2":{"name":"(anonymous_2)","decl":{"start":{"line":33,"column":10},"end":{"line":33,"column":11}},"loc":{"start":{"line":33,"column":22},"end":{"line":39,"column":5}},"line":33},"3":{"name":"(anonymous_3)","decl":{"start":{"line":40,"column":11},"end":{"line":40,"column":12}},"loc":{"start":{"line":40,"column":19},"end":{"line":40,"column":39}},"line":40},"4":{"name":"(anonymous_4)","decl":{"start":{"line":46,"column":14},"end":{"line":46,"column":15}},"loc":{"start":{"line":46,"column":20},"end":{"line":46,"column":37}},"line":46}},"branchMap":{"0":{"loc":{"start":{"line":34,"column":6},"end":{"line":38,"column":7}},"type":"if","locations":[{"start":{"line":34,"column":6},"end":{"line":38,"column":7}},{"start":{"line":36,"column":13},"end":{"line":38,"column":7}}],"line":34},"1":{"loc":{"start":{"line":43,"column":2},"end":{"line":49,"column":3}},"type":"if","locations":[{"start":{"line":43,"column":2},"end":{"line":49,"column":3}},{"start":{},"end":{}}],"line":43}},"s":{"0":1,"1":1,"2":1,"3":1,"4":1,"5":1,"6":1,"7":1,"8":1,"9":0,"10":0,"11":0,"12":0,"13":1,"14":1,"15":0,"16":0},"f":{"0":1,"1":1,"2":0,"3":0,"4":0},"b":{"0":[0,0],"1":[1,0]},"_coverageSchema":"1a1c01bbd47fc00a2c39e90264f33305004495a9","hash":"270b9b4e91ba7bf1aeb39c4b79216c59ccb380c8"}
,"/Users/shreyanimbhorkar/Desktop/VPA/video-perception-analyzer-frontend/firebase.js": {"path":"/Users/shreyanimbhorkar/Desktop/VPA/video-perception-analyzer-frontend/firebase.js","statementMap":{"0":{"start":{"line":5,"column":23},"end":{"line":13,"column":1}},"1":{"start":{"line":15,"column":12},"end":{"line":15,"column":41}},"2":{"start":{"line":17,"column":20},"end":{"line":17,"column":29}}},"fnMap":{},"branchMap":{},"s":{"0":1,"1":1,"2":1},"f":{},"b":{},"_coverageSchema":"1a1c01bbd47fc00a2c39e90264f33305004495a9","hash":"2393f059149d2ec8f33c4b89b736b3adfa4743d5"}
,"/Users/shreyanimbhorkar/Desktop/VPA/video-perception-analyzer-frontend/metro.config.js": {"path":"/Users/shreyanimbhorkar/Desktop/VPA/video-perception-analyzer-frontend/metro.config.js","statementMap":{"0":{"start":{"line":1,"column":29},"end":{"line":1,"column":52}},"1":{"start":{"line":2,"column":38},"end":{"line":2,"column":73}},"2":{"start":{"line":3,"column":0},"end":{"line":9,"column":2}}},"fnMap":{},"branchMap":{},"s":{"0":0,"1":0,"2":0},"f":{},"b":{}}
,"/Users/shreyanimbhorkar/Desktop/VPA/video-perception-analyzer-frontend/components/Button.js": {"path":"/Users/shreyanimbhorkar/Desktop/VPA/video-perception-analyzer-frontend/components/Button.js","statementMap":{"0":{"start":{"line":6,"column":28},"end":{"line":29,"column":1}},"1":{"start":{"line":7,"column":2},"end":{"line":28,"column":4}},"2":{"start":{"line":31,"column":26},"end":{"line":55,"column":1}},"3":{"start":{"line":32,"column":2},"end":{"line":54,"column":4}}},"fnMap":{"0":{"name":"(anonymous_0)","decl":{"start":{"line":6,"column":28},"end":{"line":6,"column":29}},"loc":{"start":{"line":6,"column":67},"end":{"line":29,"column":1}},"line":6},"1":{"name":"(anonymous_1)","decl":{"start":{"line":31,"column":26},"end":{"line":31,"column":27}},"loc":{"start":{"line":31,"column":77},"end":{"line":55,"column":1}},"line":31}},"branchMap":{},"s":{"0":1,"1":0,"2":1,"3":0},"f":{"0":0,"1":0},"b":{},"_coverageSchema":"1a1c01bbd47fc00a2c39e90264f33305004495a9","hash":"6668ceaeca5d8b880f4d3b1d317337c019653703"}
,"/Users/shreyanimbhorkar/Desktop/VPA/video-perception-analyzer-frontend/components/CategoriesHeader.js": {"path":"/Users/shreyanimbhorkar/Desktop/VPA/video-perception-analyzer-frontend/components/CategoriesHeader.js","statementMap":{"0":{"start":{"line":11,"column":25},"end":{"line":117,"column":1}},"1":{"start":{"line":12,"column":19},"end":{"line":14,"column":3}},"2":{"start":{"line":13,"column":4},"end":{"line":13,"column":24}},"3":{"start":{"line":15,"column":19},"end":{"line":15,"column":58}},"4":{"start":{"line":15,"column":40},"end":{"line":15,"column":57}},"5":{"start":{"line":16,"column":26},"end":{"line":18,"column":3}},"6":{"start":{"line":17,"column":4},"end":{"line":17,"column":25}},"7":{"start":{"line":19,"column":21},"end":{"line":19,"column":36}},"8":{"start":{"line":20,"column":25},"end":{"line":33,"column":3}},"9":{"start":{"line":21,"column":4},"end":{"line":21,"column":25}},"10":{"start":{"line":22,"column":4},"end":{"line":32,"column":5}},"11":{"start":{"line":23,"column":6},"end":{"line":25,"column":9}},"12":{"start":{"line":26,"column":11},"end":{"line":32,"column":5}},"13":{"start":{"line":27,"column":6},"end":{"line":29,"column":9}},"14":{"start":{"line":31,"column":6},"end":{"line":31,"column":19}},"15":{"start":{"line":34,"column":54},"end":{"line":34,"column":84}},"16":{"start":{"line":35,"column":21},"end":{"line":42,"column":3}},"17":{"start":{"line":36,"column":4},"end":{"line":41,"column":46}},"18":{"start":{"line":38,"column":8},"end":{"line":38,"column":32}},"19":{"start":{"line":41,"column":24},"end":{"line":41,"column":44}},"20":{"start":{"line":44,"column":38},"end":{"line":44,"column":53}},"21":{"start":{"line":45,"column":2},"end":{"line":116,"column":4}},"22":{"start":{"line":67,"column":29},"end":{"line":67,"column":50}},"23":{"start":{"line":119,"column":22},"end":{"line":132,"column":1}}},"fnMap":{"0":{"name":"(anonymous_0)","decl":{"start":{"line":11,"column":25},"end":{"line":11,"column":26}},"loc":{"start":{"line":11,"column":43},"end":{"line":117,"column":1}},"line":11},"1":{"name":"(anonymous_1)","decl":{"start":{"line":12,"column":19},"end":{"line":12,"column":20}},"loc":{"start":{"line":12,"column":25},"end":{"line":14,"column":3}},"line":12},"2":{"name":"(anonymous_2)","decl":{"start":{"line":15,"column":31},"end":{"line":15,"column":32}},"loc":{"start":{"line":15,"column":40},"end":{"line":15,"column":57}},"line":15},"3":{"name":"(anonymous_3)","decl":{"start":{"line":16,"column":26},"end":{"line":16,"column":27}},"loc":{"start":{"line":16,"column":32},"end":{"line":18,"column":3}},"line":16},"4":{"name":"(anonymous_4)","decl":{"start":{"line":20,"column":25},"end":{"line":20,"column":26}},"loc":{"start":{"line":20,"column":36},"end":{"line":33,"column":3}},"line":20},"5":{"name":"(anonymous_5)","decl":{"start":{"line":35,"column":21},"end":{"line":35,"column":22}},"loc":{"start":{"line":35,"column":27},"end":{"line":42,"column":3}},"line":35},"6":{"name":"(anonymous_6)","decl":{"start":{"line":37,"column":12},"end":{"line":37,"column":13}},"loc":{"start":{"line":37,"column":18},"end":{"line":39,"column":7}},"line":37},"7":{"name":"(anonymous_7)","decl":{"start":{"line":41,"column":13},"end":{"line":41,"column":14}},"loc":{"start":{"line":41,"column":24},"end":{"line":41,"column":44}},"line":41},"8":{"name":"(anonymous_8)","decl":{"start":{"line":67,"column":20},"end":{"line":67,"column":21}},"loc":{"start":{"line":67,"column":29},"end":{"line":67,"column":50}},"line":67}},"branchMap":{"0":{"loc":{"start":{"line":22,"column":4},"end":{"line":32,"column":5}},"type":"if","locations":[{"start":{"line":22,"column":4},"end":{"line":32,"column":5}},{"start":{"line":26,"column":11},"end":{"line":32,"column":5}}],"line":22},"1":{"loc":{"start":{"line":26,"column":11},"end":{"line":32,"column":5}},"type":"if","locations":[{"start":{"line":26,"column":11},"end":{"line":32,"column":5}},{"start":{"line":30,"column":11},"end":{"line":32,"column":5}}],"line":26}},"s":{"0":1,"1":0,"2":0,"3":0,"4":0,"5":0,"6":0,"7":0,"8":0,"9":0,"10":0,"11":0,"12":0,"13":0,"14":0,"15":0,"16":0,"17":0,"18":0,"19":0,"20":0,"21":0,"22":0,"23":1},"f":{"0":0,"1":0,"2":0,"3":0,"4":0,"5":0,"6":0,"7":0,"8":0},"b":{"0":[0,0],"1":[0,0]},"_coverageSchema":"1a1c01bbd47fc00a2c39e90264f33305004495a9","hash":"f7b35ed343da7fc0fffda1f927dbd49c62c10b80"}
,"/Users/shreyanimbhorkar/Desktop/VPA/video-perception-analyzer-frontend/components/CategoriesList.js": {"path":"/Users/shreyanimbhorkar/Desktop/VPA/video-perception-analyzer-frontend/components/CategoriesList.js","statementMap":{"0":{"start":{"line":9,"column":23},"end":{"line":50,"column":1}},"1":{"start":{"line":10,"column":52},"end":{"line":10,"column":64}},"2":{"start":{"line":11,"column":23},"end":{"line":11,"column":60}},"3":{"start":{"line":11,"column":42},"end":{"line":11,"column":59}},"4":{"start":{"line":12,"column":21},"end":{"line":12,"column":34}},"5":{"start":{"line":13,"column":28},"end":{"line":13,"column":40}},"6":{"start":{"line":15,"column":24},"end":{"line":38,"column":5}},"7":{"start":{"line":16,"column":8},"end":{"line":16,"column":38}},"8":{"start":{"line":17,"column":8},"end":{"line":37,"column":9}},"9":{"start":{"line":18,"column":26},"end":{"line":18,"column":39}},"10":{"start":{"line":19,"column":12},"end":{"line":19,"column":30}},"11":{"start":{"line":20,"column":12},"end":{"line":20,"column":28}},"12":{"start":{"line":21,"column":12},"end":{"line":21,"column":42}},"13":{"start":{"line":22,"column":12},"end":{"line":22,"column":53}},"14":{"start":{"line":24,"column":26},"end":{"line":24,"column":39}},"15":{"start":{"line":25,"column":31},"end":{"line":27,"column":14}},"16":{"start":{"line":26,"column":16},"end":{"line":26,"column":46}},"17":{"start":{"line":28,"column":12},"end":{"line":31,"column":13}},"18":{"start":{"line":29,"column":26},"end":{"line":29,"column":55}},"19":{"start":{"line":30,"column":16},"end":{"line":30,"column":38}},"20":{"start":{"line":32,"column":12},"end":{"line":32,"column":28}},"21":{"start":{"line":33,"column":12},"end":{"line":33,"column":35}},"22":{"start":{"line":34,"column":12},"end":{"line":34,"column":41}},"23":{"start":{"line":34,"column":30},"end":{"line":34,"column":39}},"24":{"start":{"line":35,"column":12},"end":{"line":35,"column":53}},"25":{"start":{"line":39,"column":4},"end":{"line":49,"column":6}},"26":{"start":{"line":43,"column":31},"end":{"line":43,"column":48}},"27":{"start":{"line":52,"column":13},"end":{"line":89,"column":2}}},"fnMap":{"0":{"name":"(anonymous_0)","decl":{"start":{"line":9,"column":23},"end":{"line":9,"column":24}},"loc":{"start":{"line":9,"column":53},"end":{"line":50,"column":1}},"line":9},"1":{"name":"(anonymous_1)","decl":{"start":{"line":11,"column":35},"end":{"line":11,"column":36}},"loc":{"start":{"line":11,"column":42},"end":{"line":11,"column":59}},"line":11},"2":{"name":"(anonymous_2)","decl":{"start":{"line":15,"column":24},"end":{"line":15,"column":25}},"loc":{"start":{"line":15,"column":34},"end":{"line":38,"column":5}},"line":15},"3":{"name":"(anonymous_3)","decl":{"start":{"line":25,"column":44},"end":{"line":25,"column":45}},"loc":{"start":{"line":25,"column":57},"end":{"line":27,"column":13}},"line":25},"4":{"name":"(anonymous_4)","decl":{"start":{"line":34,"column":20},"end":{"line":34,"column":21}},"loc":{"start":{"line":34,"column":30},"end":{"line":34,"column":39}},"line":34},"5":{"name":"(anonymous_5)","decl":{"start":{"line":43,"column":25},"end":{"line":43,"column":26}},"loc":{"start":{"line":43,"column":31},"end":{"line":43,"column":48}},"line":43}},"branchMap":{"0":{"loc":{"start":{"line":17,"column":8},"end":{"line":37,"column":9}},"type":"if","locations":[{"start":{"line":17,"column":8},"end":{"line":37,"column":9}},{"start":{"line":23,"column":15},"end":{"line":37,"column":9}}],"line":17},"1":{"loc":{"start":{"line":28,"column":12},"end":{"line":31,"column":13}},"type":"if","locations":[{"start":{"line":28,"column":12},"end":{"line":31,"column":13}},{"start":{},"end":{}}],"line":28},"2":{"loc":{"start":{"line":42,"column":23},"end":{"line":42,"column":108}},"type":"cond-expr","locations":[{"start":{"line":42,"column":56},"end":{"line":42,"column":81}},{"start":{"line":42,"column":83},"end":{"line":42,"column":108}}],"line":42}},"s":{"0":1,"1":0,"2":0,"3":0,"4":0,"5":0,"6":0,"7":0,"8":0,"9":0,"10":0,"11":0,"12":0,"13":0,"14":0,"15":0,"16":0,"17":0,"18":0,"19":0,"20":0,"21":0,"22":0,"23":0,"24":0,"25":0,"26":0,"27":1},"f":{"0":0,"1":0,"2":0,"3":0,"4":0,"5":0},"b":{"0":[0,0],"1":[0,0],"2":[0,0]},"_coverageSchema":"1a1c01bbd47fc00a2c39e90264f33305004495a9","hash":"37c05b88a8b56d17bd473550dcd59333120de5bb"}
,"/Users/shreyanimbhorkar/Desktop/VPA/video-perception-analyzer-frontend/components/CredentialsContext.js": {"path":"/Users/shreyanimbhorkar/Desktop/VPA/video-perception-analyzer-frontend/components/CredentialsContext.js","statementMap":{"0":{"start":{"line":3,"column":34},"end":{"line":3,"column":104}}},"fnMap":{"0":{"name":"(anonymous_0)","decl":{"start":{"line":3,"column":94},"end":{"line":3,"column":95}},"loc":{"start":{"line":3,"column":100},"end":{"line":3,"column":102}},"line":3}},"branchMap":{},"s":{"0":1},"f":{"0":0},"b":{},"_coverageSchema":"1a1c01bbd47fc00a2c39e90264f33305004495a9","hash":"dd53a8463d49963a8b6d60956a6af82ef7967523"}
,"/Users/shreyanimbhorkar/Desktop/VPA/video-perception-analyzer-frontend/components/CustomButton.js": {"path":"/Users/shreyanimbhorkar/Desktop/VPA/video-perception-analyzer-frontend/components/CustomButton.js","statementMap":{"0":{"start":{"line":5,"column":21},"end":{"line":11,"column":1}},"1":{"start":{"line":6,"column":2},"end":{"line":10,"column":3}},"2":{"start":{"line":13,"column":15},"end":{"line":52,"column":2}}},"fnMap":{"0":{"name":"(anonymous_0)","decl":{"start":{"line":5,"column":21},"end":{"line":5,"column":22}},"loc":{"start":{"line":5,"column":58},"end":{"line":11,"column":1}},"line":5}},"branchMap":{"0":{"loc":{"start":{"line":5,"column":38},"end":{"line":5,"column":52}},"type":"default-arg","locations":[{"start":{"line":5,"column":43},"end":{"line":5,"column":52}}],"line":5}},"s":{"0":1,"1":0,"2":1},"f":{"0":0},"b":{"0":[0]},"_coverageSchema":"1a1c01bbd47fc00a2c39e90264f33305004495a9","hash":"5ba9f6f124479cf1ed82aec6b4fe256aa19ff30e"}
,"/Users/shreyanimbhorkar/Desktop/VPA/video-perception-analyzer-frontend/components/CustomInput.js": {"path":"/Users/shreyanimbhorkar/Desktop/VPA/video-perception-analyzer-frontend/components/CustomInput.js","statementMap":{"0":{"start":{"line":6,"column":20},"end":{"line":20,"column":1}},"1":{"start":{"line":8,"column":2},"end":{"line":19,"column":3}},"2":{"start":{"line":22,"column":15},"end":{"line":34,"column":2}}},"fnMap":{"0":{"name":"(anonymous_0)","decl":{"start":{"line":6,"column":20},"end":{"line":6,"column":21}},"loc":{"start":{"line":6,"column":83},"end":{"line":20,"column":1}},"line":6}},"branchMap":{},"s":{"0":1,"1":0,"2":1},"f":{"0":0},"b":{},"_coverageSchema":"1a1c01bbd47fc00a2c39e90264f33305004495a9","hash":"b408e4a7f2033f7ffee1794ed70eb8b674f711e6"}
,"/Users/shreyanimbhorkar/Desktop/VPA/video-perception-analyzer-frontend/components/DetailsBid.js": {"path":"/Users/shreyanimbhorkar/Desktop/VPA/video-perception-analyzer-frontend/components/DetailsBid.js","statementMap":{"0":{"start":{"line":7,"column":19},"end":{"line":57,"column":1}},"1":{"start":{"line":8,"column":2},"end":{"line":56,"column":4}}},"fnMap":{"0":{"name":"(anonymous_0)","decl":{"start":{"line":7,"column":19},"end":{"line":7,"column":20}},"loc":{"start":{"line":7,"column":32},"end":{"line":57,"column":1}},"line":7}},"branchMap":{},"s":{"0":1,"1":0},"f":{"0":0},"b":{},"_coverageSchema":"1a1c01bbd47fc00a2c39e90264f33305004495a9","hash":"3f9fb23fdb12ac50d2a2f9ce5714c084d989a06b"}
,"/Users/shreyanimbhorkar/Desktop/VPA/video-perception-analyzer-frontend/components/DetailsDesc.js": {"path":"/Users/shreyanimbhorkar/Desktop/VPA/video-perception-analyzer-frontend/components/DetailsDesc.js","statementMap":{"0":{"start":{"line":7,"column":20},"end":{"line":79,"column":1}},"1":{"start":{"line":8,"column":26},"end":{"line":8,"column":66}},"2":{"start":{"line":9,"column":34},"end":{"line":9,"column":49}},"3":{"start":{"line":11,"column":2},"end":{"line":78,"column":4}},"4":{"start":{"line":63,"column":16},"end":{"line":69,"column":17}},"5":{"start":{"line":64,"column":18},"end":{"line":64,"column":44}},"6":{"start":{"line":65,"column":18},"end":{"line":65,"column":36}},"7":{"start":{"line":67,"column":18},"end":{"line":67,"column":58}},"8":{"start":{"line":68,"column":18},"end":{"line":68,"column":37}}},"fnMap":{"0":{"name":"(anonymous_0)","decl":{"start":{"line":7,"column":20},"end":{"line":7,"column":21}},"loc":{"start":{"line":7,"column":34},"end":{"line":79,"column":1}},"line":7},"1":{"name":"(anonymous_1)","decl":{"start":{"line":62,"column":23},"end":{"line":62,"column":24}},"loc":{"start":{"line":62,"column":29},"end":{"line":70,"column":15}},"line":62}},"branchMap":{"0":{"loc":{"start":{"line":55,"column":13},"end":{"line":55,"column":31}},"type":"binary-expr","locations":[{"start":{"line":55,"column":13},"end":{"line":55,"column":22}},{"start":{"line":55,"column":26},"end":{"line":55,"column":31}}],"line":55},"1":{"loc":{"start":{"line":63,"column":16},"end":{"line":69,"column":17}},"type":"if","locations":[{"start":{"line":63,"column":16},"end":{"line":69,"column":17}},{"start":{"line":66,"column":23},"end":{"line":69,"column":17}}],"line":63},"2":{"loc":{"start":{"line":72,"column":15},"end":{"line":72,"column":53}},"type":"cond-expr","locations":[{"start":{"line":72,"column":26},"end":{"line":72,"column":38}},{"start":{"line":72,"column":41},"end":{"line":72,"column":53}}],"line":72}},"s":{"0":1,"1":0,"2":0,"3":0,"4":0,"5":0,"6":0,"7":0,"8":0},"f":{"0":0,"1":0},"b":{"0":[0,0],"1":[0,0],"2":[0,0]},"_coverageSchema":"1a1c01bbd47fc00a2c39e90264f33305004495a9","hash":"b94c83c5eb101fca9ad870c7694b417aa8da5761"}
,"/Users/shreyanimbhorkar/Desktop/VPA/video-perception-analyzer-frontend/components/FocusedStatusBar.js": {"path":"/Users/shreyanimbhorkar/Desktop/VPA/video-perception-analyzer-frontend/components/FocusedStatusBar.js","statementMap":{"0":{"start":{"line":5,"column":25},"end":{"line":9,"column":1}},"1":{"start":{"line":6,"column":20},"end":{"line":6,"column":34}},"2":{"start":{"line":8,"column":2},"end":{"line":8,"column":69}}},"fnMap":{"0":{"name":"(anonymous_0)","decl":{"start":{"line":5,"column":25},"end":{"line":5,"column":26}},"loc":{"start":{"line":5,"column":36},"end":{"line":9,"column":1}},"line":5}},"branchMap":{"0":{"loc":{"start":{"line":8,"column":9},"end":{"line":8,"column":68}},"type":"cond-expr","locations":[{"start":{"line":8,"column":21},"end":{"line":8,"column":61}},{"start":{"line":8,"column":64},"end":{"line":8,"column":68}}],"line":8}},"s":{"0":1,"1":0,"2":0},"f":{"0":0},"b":{"0":[0,0]},"_coverageSchema":"1a1c01bbd47fc00a2c39e90264f33305004495a9","hash":"eb633889c023940eb59fdfdbd39b003f19b3a4ee"}
,"/Users/shreyanimbhorkar/Desktop/VPA/video-perception-analyzer-frontend/components/Footer.js": {"path":"/Users/shreyanimbhorkar/Desktop/VPA/video-perception-analyzer-frontend/components/Footer.js","statementMap":{"0":{"start":{"line":6,"column":15},"end":{"line":57,"column":1}},"1":{"start":{"line":7,"column":23},"end":{"line":7,"column":38}},"2":{"start":{"line":8,"column":27},"end":{"line":10,"column":5}},"3":{"start":{"line":9,"column":8},"end":{"line":9,"column":35}},"4":{"start":{"line":12,"column":30},"end":{"line":14,"column":5}},"5":{"start":{"line":13,"column":8},"end":{"line":13,"column":42}},"6":{"start":{"line":16,"column":29},"end":{"line":18,"column":5}},"7":{"start":{"line":17,"column":8},"end":{"line":17,"column":42}},"8":{"start":{"line":20,"column":27},"end":{"line":22,"column":5}},"9":{"start":{"line":21,"column":8},"end":{"line":21,"column":45}},"10":{"start":{"line":23,"column":4},"end":{"line":56,"column":6}}},"fnMap":{"0":{"name":"(anonymous_0)","decl":{"start":{"line":6,"column":15},"end":{"line":6,"column":16}},"loc":{"start":{"line":6,"column":21},"end":{"line":57,"column":1}},"line":6},"1":{"name":"(anonymous_1)","decl":{"start":{"line":8,"column":27},"end":{"line":8,"column":28}},"loc":{"start":{"line":8,"column":33},"end":{"line":10,"column":5}},"line":8},"2":{"name":"(anonymous_2)","decl":{"start":{"line":12,"column":30},"end":{"line":12,"column":31}},"loc":{"start":{"line":12,"column":36},"end":{"line":14,"column":5}},"line":12},"3":{"name":"(anonymous_3)","decl":{"start":{"line":16,"column":29},"end":{"line":16,"column":30}},"loc":{"start":{"line":16,"column":35},"end":{"line":18,"column":5}},"line":16},"4":{"name":"(anonymous_4)","decl":{"start":{"line":20,"column":27},"end":{"line":20,"column":28}},"loc":{"start":{"line":20,"column":33},"end":{"line":22,"column":5}},"line":20}},"branchMap":{},"s":{"0":1,"1":0,"2":0,"3":0,"4":0,"5":0,"6":0,"7":0,"8":0,"9":0,"10":0},"f":{"0":0,"1":0,"2":0,"3":0,"4":0},"b":{},"_coverageSchema":"1a1c01bbd47fc00a2c39e90264f33305004495a9","hash":"9446a46acf80838511f8d2933edb4f12f8480454"}
,"/Users/shreyanimbhorkar/Desktop/VPA/video-perception-analyzer-frontend/components/HomeHeader.js": {"path":"/Users/shreyanimbhorkar/Desktop/VPA/video-perception-analyzer-frontend/components/HomeHeader.js","statementMap":{"0":{"start":{"line":10,"column":19},"end":{"line":147,"column":1}},"1":{"start":{"line":11,"column":19},"end":{"line":11,"column":58}},"2":{"start":{"line":11,"column":40},"end":{"line":11,"column":57}},"3":{"start":{"line":13,"column":19},"end":{"line":15,"column":3}},"4":{"start":{"line":14,"column":4},"end":{"line":14,"column":24}},"5":{"start":{"line":16,"column":26},"end":{"line":18,"column":3}},"6":{"start":{"line":17,"column":4},"end":{"line":17,"column":25}},"7":{"start":{"line":19,"column":21},"end":{"line":19,"column":36}},"8":{"start":{"line":20,"column":25},"end":{"line":28,"column":3}},"9":{"start":{"line":21,"column":4},"end":{"line":21,"column":25}},"10":{"start":{"line":22,"column":4},"end":{"line":27,"column":5}},"11":{"start":{"line":23,"column":6},"end":{"line":25,"column":8}},"12":{"start":{"line":26,"column":6},"end":{"line":26,"column":19}},"13":{"start":{"line":29,"column":54},"end":{"line":29,"column":84}},"14":{"start":{"line":30,"column":21},"end":{"line":37,"column":3}},"15":{"start":{"line":31,"column":4},"end":{"line":36,"column":46}},"16":{"start":{"line":33,"column":8},"end":{"line":33,"column":32}},"17":{"start":{"line":36,"column":24},"end":{"line":36,"column":44}},"18":{"start":{"line":39,"column":38},"end":{"line":39,"column":53}},"19":{"start":{"line":40,"column":2},"end":{"line":146,"column":4}},"20":{"start":{"line":62,"column":29},"end":{"line":62,"column":50}},"21":{"start":{"line":149,"column":22},"end":{"line":162,"column":1}}},"fnMap":{"0":{"name":"(anonymous_0)","decl":{"start":{"line":10,"column":19},"end":{"line":10,"column":20}},"loc":{"start":{"line":10,"column":48},"end":{"line":147,"column":1}},"line":10},"1":{"name":"(anonymous_1)","decl":{"start":{"line":11,"column":31},"end":{"line":11,"column":32}},"loc":{"start":{"line":11,"column":40},"end":{"line":11,"column":57}},"line":11},"2":{"name":"(anonymous_2)","decl":{"start":{"line":13,"column":19},"end":{"line":13,"column":20}},"loc":{"start":{"line":13,"column":25},"end":{"line":15,"column":3}},"line":13},"3":{"name":"(anonymous_3)","decl":{"start":{"line":16,"column":26},"end":{"line":16,"column":27}},"loc":{"start":{"line":16,"column":32},"end":{"line":18,"column":3}},"line":16},"4":{"name":"(anonymous_4)","decl":{"start":{"line":20,"column":25},"end":{"line":20,"column":26}},"loc":{"start":{"line":20,"column":36},"end":{"line":28,"column":3}},"line":20},"5":{"name":"(anonymous_5)","decl":{"start":{"line":30,"column":21},"end":{"line":30,"column":22}},"loc":{"start":{"line":30,"column":27},"end":{"line":37,"column":3}},"line":30},"6":{"name":"(anonymous_6)","decl":{"start":{"line":32,"column":12},"end":{"line":32,"column":13}},"loc":{"start":{"line":32,"column":18},"end":{"line":34,"column":7}},"line":32},"7":{"name":"(anonymous_7)","decl":{"start":{"line":36,"column":13},"end":{"line":36,"column":14}},"loc":{"start":{"line":36,"column":24},"end":{"line":36,"column":44}},"line":36},"8":{"name":"(anonymous_8)","decl":{"start":{"line":62,"column":20},"end":{"line":62,"column":21}},"loc":{"start":{"line":62,"column":29},"end":{"line":62,"column":50}},"line":62}},"branchMap":{"0":{"loc":{"start":{"line":22,"column":4},"end":{"line":27,"column":5}},"type":"if","locations":[{"start":{"line":22,"column":4},"end":{"line":27,"column":5}},{"start":{"line":25,"column":16},"end":{"line":27,"column":5}}],"line":22},"1":{"loc":{"start":{"line":97,"column":9},"end":{"line":115,"column":15}},"type":"cond-expr","locations":[{"start":{"line":97,"column":21},"end":{"line":106,"column":15}},{"start":{"line":106,"column":18},"end":{"line":115,"column":15}}],"line":97},"2":{"loc":{"start":{"line":118,"column":7},"end":{"line":144,"column":22}},"type":"cond-expr","locations":[{"start":{"line":119,"column":8},"end":{"line":144,"column":15}},{"start":{"line":144,"column":18},"end":{"line":144,"column":22}}],"line":118}},"s":{"0":1,"1":0,"2":0,"3":0,"4":0,"5":0,"6":0,"7":0,"8":0,"9":0,"10":0,"11":0,"12":0,"13":0,"14":0,"15":0,"16":0,"17":0,"18":0,"19":0,"20":0,"21":1},"f":{"0":0,"1":0,"2":0,"3":0,"4":0,"5":0,"6":0,"7":0,"8":0},"b":{"0":[0,0],"1":[0,0],"2":[0,0]},"_coverageSchema":"1a1c01bbd47fc00a2c39e90264f33305004495a9","hash":"d94ddb9c9d9a6c676709ea64430d718df4c07343"}
,"/Users/shreyanimbhorkar/Desktop/VPA/video-perception-analyzer-frontend/components/NFTCard.js": {"path":"/Users/shreyanimbhorkar/Desktop/VPA/video-perception-analyzer-frontend/components/NFTCard.js","statementMap":{"0":{"start":{"line":12,"column":16},"end":{"line":113,"column":1}},"1":{"start":{"line":13,"column":21},"end":{"line":13,"column":36}},"2":{"start":{"line":14,"column":16},"end":{"line":14,"column":34}},"3":{"start":{"line":15,"column":30},"end":{"line":15,"column":42}},"4":{"start":{"line":17,"column":44},"end":{"line":17,"column":58}},"5":{"start":{"line":18,"column":40},"end":{"line":18,"column":54}},"6":{"start":{"line":19,"column":20},"end":{"line":19,"column":23}},"7":{"start":{"line":21,"column":18},"end":{"line":21,"column":42}},"8":{"start":{"line":40,"column":2},"end":{"line":112,"column":4}},"9":{"start":{"line":107,"column":33},"end":{"line":107,"column":73}},"10":{"start":{"line":115,"column":13},"end":{"line":130,"column":2}}},"fnMap":{"0":{"name":"(anonymous_0)","decl":{"start":{"line":12,"column":16},"end":{"line":12,"column":17}},"loc":{"start":{"line":12,"column":38},"end":{"line":113,"column":1}},"line":12},"1":{"name":"(anonymous_1)","decl":{"start":{"line":107,"column":27},"end":{"line":107,"column":28}},"loc":{"start":{"line":107,"column":33},"end":{"line":107,"column":73}},"line":107}},"branchMap":{},"s":{"0":1,"1":0,"2":0,"3":0,"4":0,"5":0,"6":0,"7":0,"8":0,"9":0,"10":1},"f":{"0":0,"1":0},"b":{},"_coverageSchema":"1a1c01bbd47fc00a2c39e90264f33305004495a9","hash":"509b4ec881e41d2367662645b8f9f9f664177eff"}
,"/Users/shreyanimbhorkar/Desktop/VPA/video-perception-analyzer-frontend/components/SubInfo.js": {"path":"/Users/shreyanimbhorkar/Desktop/VPA/video-perception-analyzer-frontend/components/SubInfo.js","statementMap":{"0":{"start":{"line":6,"column":24},"end":{"line":29,"column":1}},"1":{"start":{"line":7,"column":2},"end":{"line":28,"column":4}},"2":{"start":{"line":31,"column":24},"end":{"line":50,"column":1}},"3":{"start":{"line":32,"column":2},"end":{"line":49,"column":4}},"4":{"start":{"line":52,"column":17},"end":{"line":64,"column":1}},"5":{"start":{"line":53,"column":2},"end":{"line":63,"column":4}},"6":{"start":{"line":66,"column":22},"end":{"line":77,"column":1}},"7":{"start":{"line":67,"column":2},"end":{"line":76,"column":4}},"8":{"start":{"line":79,"column":23},"end":{"line":114,"column":1}},"9":{"start":{"line":80,"column":2},"end":{"line":113,"column":4}},"10":{"start":{"line":116,"column":23},"end":{"line":131,"column":1}},"11":{"start":{"line":117,"column":2},"end":{"line":130,"column":4}}},"fnMap":{"0":{"name":"(anonymous_0)","decl":{"start":{"line":6,"column":24},"end":{"line":6,"column":25}},"loc":{"start":{"line":6,"column":74},"end":{"line":29,"column":1}},"line":6},"1":{"name":"(anonymous_1)","decl":{"start":{"line":31,"column":24},"end":{"line":31,"column":25}},"loc":{"start":{"line":31,"column":39},"end":{"line":50,"column":1}},"line":31},"2":{"name":"(anonymous_2)","decl":{"start":{"line":52,"column":17},"end":{"line":52,"column":18}},"loc":{"start":{"line":52,"column":40},"end":{"line":64,"column":1}},"line":52},"3":{"name":"(anonymous_3)","decl":{"start":{"line":66,"column":22},"end":{"line":66,"column":23}},"loc":{"start":{"line":66,"column":28},"end":{"line":77,"column":1}},"line":66},"4":{"name":"(anonymous_4)","decl":{"start":{"line":79,"column":23},"end":{"line":79,"column":24}},"loc":{"start":{"line":79,"column":29},"end":{"line":114,"column":1}},"line":79},"5":{"name":"(anonymous_5)","decl":{"start":{"line":116,"column":23},"end":{"line":116,"column":24}},"loc":{"start":{"line":116,"column":29},"end":{"line":131,"column":1}},"line":116}},"branchMap":{"0":{"loc":{"start":{"line":60,"column":20},"end":{"line":60,"column":49}},"type":"cond-expr","locations":[{"start":{"line":60,"column":34},"end":{"line":60,"column":35}},{"start":{"line":60,"column":38},"end":{"line":60,"column":49}}],"line":60}},"s":{"0":1,"1":0,"2":1,"3":0,"4":1,"5":0,"6":1,"7":0,"8":1,"9":0,"10":1,"11":0},"f":{"0":0,"1":0,"2":0,"3":0,"4":0,"5":0},"b":{"0":[0,0]},"_coverageSchema":"1a1c01bbd47fc00a2c39e90264f33305004495a9","hash":"2e3d83abb2c0140265fba769e79577c4862c6ab3"}
,"/Users/shreyanimbhorkar/Desktop/VPA/video-perception-analyzer-frontend/components/index.js": {"path":"/Users/shreyanimbhorkar/Desktop/VPA/video-perception-analyzer-frontend/components/index.js","statementMap":{},"fnMap":{},"branchMap":{},"s":{},"f":{},"b":{},"_coverageSchema":"1a1c01bbd47fc00a2c39e90264f33305004495a9","hash":"b04d5b7c63d8ab55e6e8155fded45614c91ea05e"}
,"/Users/shreyanimbhorkar/Desktop/VPA/video-perception-analyzer-frontend/constants/assets.js": {"path":"/Users/shreyanimbhorkar/Desktop/VPA/video-perception-analyzer-frontend/constants/assets.js","statementMap":{},"fnMap":{},"branchMap":{},"s":{},"f":{},"b":{},"_coverageSchema":"1a1c01bbd47fc00a2c39e90264f33305004495a9","hash":"7cb2c8c848b5a7464d2a1ffbcaf496a9318eac26"}
,"/Users/shreyanimbhorkar/Desktop/VPA/video-perception-analyzer-frontend/constants/categories.js": {"path":"/Users/shreyanimbhorkar/Desktop/VPA/video-perception-analyzer-frontend/constants/categories.js","statementMap":{"0":{"start":{"line":1,"column":23},"end":{"line":64,"column":1}}},"fnMap":{},"branchMap":{},"s":{"0":1},"f":{},"b":{},"_coverageSchema":"1a1c01bbd47fc00a2c39e90264f33305004495a9","hash":"d8b7a5fe0d0753e5d8bc4891c106ce7144031b08"}
,"/Users/shreyanimbhorkar/Desktop/VPA/video-perception-analyzer-frontend/constants/dummy.js": {"path":"/Users/shreyanimbhorkar/Desktop/VPA/video-perception-analyzer-frontend/constants/dummy.js","statementMap":{"0":{"start":{"line":3,"column":16},"end":{"line":192,"column":1}}},"fnMap":{},"branchMap":{},"s":{"0":1},"f":{},"b":{},"_coverageSchema":"1a1c01bbd47fc00a2c39e90264f33305004495a9","hash":"00f461fd451527311ad81c30282791dbc9c286d4"}
,"/Users/shreyanimbhorkar/Desktop/VPA/video-perception-analyzer-frontend/constants/index.js": {"path":"/Users/shreyanimbhorkar/Desktop/VPA/video-perception-analyzer-frontend/constants/index.js","statementMap":{},"fnMap":{},"branchMap":{},"s":{},"f":{},"b":{},"_coverageSchema":"1a1c01bbd47fc00a2c39e90264f33305004495a9","hash":"e7c411cba899572b91ae5615c87836786f08f663"}
,"/Users/shreyanimbhorkar/Desktop/VPA/video-perception-analyzer-frontend/constants/theme.js": {"path":"/Users/shreyanimbhorkar/Desktop/VPA/video-perception-analyzer-frontend/constants/theme.js","statementMap":{"0":{"start":{"line":1,"column":22},"end":{"line":7,"column":1}},"1":{"start":{"line":9,"column":21},"end":{"line":16,"column":1}},"2":{"start":{"line":18,"column":21},"end":{"line":24,"column":1}},"3":{"start":{"line":26,"column":23},"end":{"line":60,"column":1}}},"fnMap":{},"branchMap":{},"s":{"0":1,"1":1,"2":1,"3":1},"f":{},"b":{},"_coverageSchema":"1a1c01bbd47fc00a2c39e90264f33305004495a9","hash":"90224168849a314dfa27ef3cf6b350a717ff2a8e"}
,"/Users/shreyanimbhorkar/Desktop/VPA/video-perception-analyzer-frontend/constants/validation.js": {"path":"/Users/shreyanimbhorkar/Desktop/VPA/video-perception-analyzer-frontend/constants/validation.js","statementMap":{"0":{"start":{"line":1,"column":19},"end":{"line":6,"column":1}}},"fnMap":{},"branchMap":{},"s":{"0":0},"f":{},"b":{}}
,"/Users/shreyanimbhorkar/Desktop/VPA/video-perception-analyzer-frontend/navigators/RootStack.js": {"path":"/Users/shreyanimbhorkar/Desktop/VPA/video-perception-analyzer-frontend/navigators/RootStack.js","statementMap":{"0":{"start":{"line":17,"column":14},"end":{"line":17,"column":36}},"1":{"start":{"line":18,"column":14},"end":{"line":24,"column":1}},"2":{"start":{"line":29,"column":18},"end":{"line":75,"column":1}},"3":{"start":{"line":31,"column":21},"end":{"line":37,"column":8}},"4":{"start":{"line":39,"column":4},"end":{"line":39,"column":28}},"5":{"start":{"line":39,"column":16},"end":{"line":39,"column":28}},"6":{"start":{"line":41,"column":4},"end":{"line":74,"column":5}},"7":{"start":{"line":45,"column":20},"end":{"line":69,"column":42}}},"fnMap":{"0":{"name":"(anonymous_0)","decl":{"start":{"line":29,"column":18},"end":{"line":29,"column":19}},"loc":{"start":{"line":29,"column":24},"end":{"line":75,"column":1}},"line":29},"1":{"name":"(anonymous_1)","decl":{"start":{"line":44,"column":16},"end":{"line":44,"column":17}},"loc":{"start":{"line":45,"column":20},"end":{"line":69,"column":42}},"line":45}},"branchMap":{"0":{"loc":{"start":{"line":39,"column":4},"end":{"line":39,"column":28}},"type":"if","locations":[{"start":{"line":39,"column":4},"end":{"line":39,"column":28}},{"start":{},"end":{}}],"line":39},"1":{"loc":{"start":{"line":47,"column":29},"end":{"line":66,"column":33}},"type":"cond-expr","locations":[{"start":{"line":48,"column":32},"end":{"line":56,"column":35}},{"start":{"line":60,"column":36},"end":{"line":65,"column":39}}],"line":47}},"s":{"0":1,"1":1,"2":1,"3":0,"4":0,"5":0,"6":0,"7":0},"f":{"0":0,"1":0},"b":{"0":[0,0],"1":[0,0]},"_coverageSchema":"1a1c01bbd47fc00a2c39e90264f33305004495a9","hash":"64950959015f865d2788fc906f28bab9cbf09967"}
,"/Users/shreyanimbhorkar/Desktop/VPA/video-perception-analyzer-frontend/redux/actions.js": {"path":"/Users/shreyanimbhorkar/Desktop/VPA/video-perception-analyzer-frontend/redux/actions.js","statementMap":{"0":{"start":{"line":1,"column":39},"end":{"line":1,"column":64}},"1":{"start":{"line":2,"column":29},"end":{"line":2,"column":44}},"2":{"start":{"line":4,"column":37},"end":{"line":9,"column":1}},"3":{"start":{"line":4,"column":49},"end":{"line":9,"column":1}},"4":{"start":{"line":5,"column":4},"end":{"line":8,"column":7}},"5":{"start":{"line":11,"column":27},"end":{"line":16,"column":1}},"6":{"start":{"line":11,"column":35},"end":{"line":16,"column":1}},"7":{"start":{"line":12,"column":4},"end":{"line":15,"column":7}}},"fnMap":{"0":{"name":"(anonymous_0)","decl":{"start":{"line":4,"column":37},"end":{"line":4,"column":38}},"loc":{"start":{"line":4,"column":49},"end":{"line":9,"column":1}},"line":4},"1":{"name":"(anonymous_1)","decl":{"start":{"line":4,"column":49},"end":{"line":4,"column":50}},"loc":{"start":{"line":4,"column":61},"end":{"line":9,"column":1}},"line":4},"2":{"name":"(anonymous_2)","decl":{"start":{"line":11,"column":27},"end":{"line":11,"column":28}},"loc":{"start":{"line":11,"column":35},"end":{"line":16,"column":1}},"line":11},"3":{"name":"(anonymous_3)","decl":{"start":{"line":11,"column":35},"end":{"line":11,"column":36}},"loc":{"start":{"line":11,"column":47},"end":{"line":16,"column":1}},"line":11}},"branchMap":{},"s":{"0":1,"1":1,"2":1,"3":0,"4":0,"5":1,"6":0,"7":0},"f":{"0":0,"1":0,"2":0,"3":0},"b":{},"_coverageSchema":"1a1c01bbd47fc00a2c39e90264f33305004495a9","hash":"cf4e0c0668fce43c780c91d2fba6bd71ea44335e"}
,"/Users/shreyanimbhorkar/Desktop/VPA/video-perception-analyzer-frontend/redux/reducers.js": {"path":"/Users/shreyanimbhorkar/Desktop/VPA/video-perception-analyzer-frontend/redux/reducers.js","statementMap":{"0":{"start":{"line":3,"column":21},"end":{"line":6,"column":1}},"1":{"start":{"line":9,"column":4},"end":{"line":17,"column":5}},"2":{"start":{"line":11,"column":12},"end":{"line":11,"column":56}},"3":{"start":{"line":14,"column":12},"end":{"line":14,"column":52}},"4":{"start":{"line":16,"column":12},"end":{"line":16,"column":25}}},"fnMap":{"0":{"name":"userReducer","decl":{"start":{"line":8,"column":9},"end":{"line":8,"column":20}},"loc":{"start":{"line":8,"column":51},"end":{"line":18,"column":1}},"line":8}},"branchMap":{"0":{"loc":{"start":{"line":8,"column":21},"end":{"line":8,"column":41}},"type":"default-arg","locations":[{"start":{"line":8,"column":29},"end":{"line":8,"column":41}}],"line":8},"1":{"loc":{"start":{"line":9,"column":4},"end":{"line":17,"column":5}},"type":"switch","locations":[{"start":{"line":10,"column":8},"end":{"line":11,"column":56}},{"start":{"line":13,"column":8},"end":{"line":14,"column":52}},{"start":{"line":15,"column":8},"end":{"line":16,"column":25}}],"line":9}},"s":{"0":1,"1":3,"2":0,"3":0,"4":3},"f":{"0":3},"b":{"0":[3],"1":[0,0,3]},"_coverageSchema":"1a1c01bbd47fc00a2c39e90264f33305004495a9","hash":"905c8838c51b94cc75b0b9982acbb9e9af038fe4"}
,"/Users/shreyanimbhorkar/Desktop/VPA/video-perception-analyzer-frontend/redux/store.js": {"path":"/Users/shreyanimbhorkar/Desktop/VPA/video-perception-analyzer-frontend/redux/store.js","statementMap":{"0":{"start":{"line":6,"column":20},"end":{"line":6,"column":50}},"1":{"start":{"line":8,"column":21},"end":{"line":8,"column":69}}},"fnMap":{},"branchMap":{},"s":{"0":1,"1":1},"f":{},"b":{},"_coverageSchema":"1a1c01bbd47fc00a2c39e90264f33305004495a9","hash":"3ef91b5ad27f1da77a8b85740d8258c8bc1ace08"}
,"/Users/shreyanimbhorkar/Desktop/VPA/video-perception-analyzer-frontend/screens/Categories.js": {"path":"/Users/shreyanimbhorkar/Desktop/VPA/video-perception-analyzer-frontend/screens/Categories.js","statementMap":{"0":{"start":{"line":13,"column":19},"end":{"line":68,"column":1}},"1":{"start":{"line":14,"column":46},"end":{"line":14,"column":70}},"2":{"start":{"line":15,"column":21},"end":{"line":15,"column":36}},"3":{"start":{"line":16,"column":30},"end":{"line":16,"column":45}},"4":{"start":{"line":17,"column":44},"end":{"line":17,"column":58}},"5":{"start":{"line":18,"column":40},"end":{"line":18,"column":54}},"6":{"start":{"line":19,"column":18},"end":{"line":19,"column":42}},"7":{"start":{"line":20,"column":20},"end":{"line":20,"column":24}},"8":{"start":{"line":22,"column":52},"end":{"line":22,"column":82}},"9":{"start":{"line":23,"column":17},"end":{"line":23,"column":59}},"10":{"start":{"line":24,"column":21},"end":{"line":24,"column":58}},"11":{"start":{"line":24,"column":40},"end":{"line":24,"column":57}},"12":{"start":{"line":28,"column":25},"end":{"line":34,"column":3}},"13":{"start":{"line":29,"column":4},"end":{"line":33,"column":5}},"14":{"start":{"line":30,"column":6},"end":{"line":30,"column":33}},"15":{"start":{"line":32,"column":6},"end":{"line":32,"column":55}},"16":{"start":{"line":36,"column":23},"end":{"line":44,"column":3}},"17":{"start":{"line":38,"column":27},"end":{"line":38,"column":56}},"18":{"start":{"line":39,"column":4},"end":{"line":43,"column":5}},"19":{"start":{"line":40,"column":6},"end":{"line":40,"column":22}},"20":{"start":{"line":41,"column":11},"end":{"line":43,"column":5}},"21":{"start":{"line":42,"column":6},"end":{"line":42,"column":22}},"22":{"start":{"line":47,"column":20},"end":{"line":49,"column":3}},"23":{"start":{"line":48,"column":4},"end":{"line":48,"column":54}},"24":{"start":{"line":51,"column":2},"end":{"line":67,"column":4}},"25":{"start":{"line":62,"column":36},"end":{"line":62,"column":43}}},"fnMap":{"0":{"name":"(anonymous_0)","decl":{"start":{"line":13,"column":19},"end":{"line":13,"column":20}},"loc":{"start":{"line":13,"column":25},"end":{"line":68,"column":1}},"line":13},"1":{"name":"(anonymous_1)","decl":{"start":{"line":24,"column":33},"end":{"line":24,"column":34}},"loc":{"start":{"line":24,"column":40},"end":{"line":24,"column":57}},"line":24},"2":{"name":"(anonymous_2)","decl":{"start":{"line":28,"column":25},"end":{"line":28,"column":26}},"loc":{"start":{"line":28,"column":31},"end":{"line":34,"column":3}},"line":28},"3":{"name":"(anonymous_3)","decl":{"start":{"line":36,"column":23},"end":{"line":36,"column":24}},"loc":{"start":{"line":36,"column":30},"end":{"line":44,"column":3}},"line":36},"4":{"name":"(anonymous_4)","decl":{"start":{"line":47,"column":20},"end":{"line":47,"column":21}},"loc":{"start":{"line":47,"column":39},"end":{"line":49,"column":3}},"line":47},"5":{"name":"(anonymous_5)","decl":{"start":{"line":62,"column":26},"end":{"line":62,"column":27}},"loc":{"start":{"line":62,"column":36},"end":{"line":62,"column":43}},"line":62}},"branchMap":{"0":{"loc":{"start":{"line":23,"column":17},"end":{"line":23,"column":59}},"type":"cond-expr","locations":[{"start":{"line":23,"column":37},"end":{"line":23,"column":54}},{"start":{"line":23,"column":57},"end":{"line":23,"column":59}}],"line":23},"1":{"loc":{"start":{"line":29,"column":4},"end":{"line":33,"column":5}},"type":"if","locations":[{"start":{"line":29,"column":4},"end":{"line":33,"column":5}},{"start":{"line":31,"column":11},"end":{"line":33,"column":5}}],"line":29},"2":{"loc":{"start":{"line":39,"column":4},"end":{"line":43,"column":5}},"type":"if","locations":[{"start":{"line":39,"column":4},"end":{"line":43,"column":5}},{"start":{"line":41,"column":11},"end":{"line":43,"column":5}}],"line":39},"3":{"loc":{"start":{"line":39,"column":8},"end":{"line":39,"column":80}},"type":"binary-expr","locations":[{"start":{"line":39,"column":8},"end":{"line":39,"column":38}},{"start":{"line":39,"column":42},"end":{"line":39,"column":70}},{"start":{"line":39,"column":74},"end":{"line":39,"column":80}}],"line":39},"4":{"loc":{"start":{"line":41,"column":11},"end":{"line":43,"column":5}},"type":"if","locations":[{"start":{"line":41,"column":11},"end":{"line":43,"column":5}},{"start":{},"end":{}}],"line":41},"5":{"loc":{"start":{"line":41,"column":15},"end":{"line":41,"column":90}},"type":"binary-expr","locations":[{"start":{"line":41,"column":16},"end":{"line":41,"column":44}},{"start":{"line":41,"column":48},"end":{"line":41,"column":78}},{"start":{"line":41,"column":83},"end":{"line":41,"column":90}}],"line":41}},"s":{"0":1,"1":0,"2":0,"3":0,"4":0,"5":0,"6":0,"7":0,"8":0,"9":0,"10":0,"11":0,"12":0,"13":0,"14":0,"15":0,"16":0,"17":0,"18":0,"19":0,"20":0,"21":0,"22":0,"23":0,"24":0,"25":0},"f":{"0":0,"1":0,"2":0,"3":0,"4":0,"5":0},"b":{"0":[0,0],"1":[0,0],"2":[0,0],"3":[0,0,0],"4":[0,0],"5":[0,0,0]},"_coverageSchema":"1a1c01bbd47fc00a2c39e90264f33305004495a9","hash":"3c573c4eb4b81b0a5a14788b9f73312e96657143"}
,"/Users/shreyanimbhorkar/Desktop/VPA/video-perception-analyzer-frontend/screens/Details.js": {"path":"/Users/shreyanimbhorkar/Desktop/VPA/video-perception-analyzer-frontend/screens/Details.js","statementMap":{"0":{"start":{"line":8,"column":22},"end":{"line":35,"column":1}},"1":{"start":{"line":10,"column":2},"end":{"line":34,"column":9}},"2":{"start":{"line":24,"column":25},"end":{"line":24,"column":44}},"3":{"start":{"line":37,"column":16},"end":{"line":106,"column":1}},"4":{"start":{"line":38,"column":19},"end":{"line":38,"column":31}},"5":{"start":{"line":39,"column":16},"end":{"line":39,"column":34}},"6":{"start":{"line":40,"column":30},"end":{"line":40,"column":42}},"7":{"start":{"line":41,"column":2},"end":{"line":105,"column":4}},"8":{"start":{"line":110,"column":13},"end":{"line":115,"column":2}}},"fnMap":{"0":{"name":"(anonymous_0)","decl":{"start":{"line":8,"column":22},"end":{"line":8,"column":23}},"loc":{"start":{"line":10,"column":2},"end":{"line":34,"column":9}},"line":10},"1":{"name":"(anonymous_1)","decl":{"start":{"line":24,"column":19},"end":{"line":24,"column":20}},"loc":{"start":{"line":24,"column":25},"end":{"line":24,"column":44}},"line":24},"2":{"name":"(anonymous_2)","decl":{"start":{"line":37,"column":16},"end":{"line":37,"column":17}},"loc":{"start":{"line":37,"column":43},"end":{"line":106,"column":1}},"line":37}},"branchMap":{},"s":{"0":1,"1":0,"2":0,"3":1,"4":0,"5":0,"6":0,"7":0,"8":1},"f":{"0":0,"1":0,"2":0},"b":{},"_coverageSchema":"1a1c01bbd47fc00a2c39e90264f33305004495a9","hash":"695f4ae99d51910f10f2ab6d229d002c10abbb3a"}
,"/Users/shreyanimbhorkar/Desktop/VPA/video-perception-analyzer-frontend/screens/EditCategories.js": {"path":"/Users/shreyanimbhorkar/Desktop/VPA/video-perception-analyzer-frontend/screens/EditCategories.js","statementMap":{"0":{"start":{"line":14,"column":23},"end":{"line":226,"column":1}},"1":{"start":{"line":15,"column":21},"end":{"line":15,"column":36}},"2":{"start":{"line":16,"column":23},"end":{"line":16,"column":62}},"3":{"start":{"line":16,"column":44},"end":{"line":16,"column":61}},"4":{"start":{"line":17,"column":46},"end":{"line":17,"column":70}},"5":{"start":{"line":18,"column":66},"end":{"line":18,"column":78}},"6":{"start":{"line":19,"column":44},"end":{"line":19,"column":58}},"7":{"start":{"line":20,"column":40},"end":{"line":20,"column":54}},"8":{"start":{"line":21,"column":30},"end":{"line":21,"column":45}},"9":{"start":{"line":22,"column":46},"end":{"line":22,"column":60}},"10":{"start":{"line":23,"column":42},"end":{"line":23,"column":56}},"11":{"start":{"line":24,"column":32},"end":{"line":24,"column":47}},"12":{"start":{"line":26,"column":34},"end":{"line":47,"column":5}},"13":{"start":{"line":49,"column":19},"end":{"line":58,"column":3}},"14":{"start":{"line":60,"column":2},"end":{"line":62,"column":8}},"15":{"start":{"line":61,"column":4},"end":{"line":61,"column":16}},"16":{"start":{"line":64,"column":21},"end":{"line":67,"column":3}},"17":{"start":{"line":65,"column":15},"end":{"line":65,"column":77}},"18":{"start":{"line":65,"column":42},"end":{"line":65,"column":76}},"19":{"start":{"line":65,"column":62},"end":{"line":65,"column":75}},"20":{"start":{"line":66,"column":4},"end":{"line":66,"column":37}},"21":{"start":{"line":69,"column":27},"end":{"line":77,"column":3}},"22":{"start":{"line":70,"column":15},"end":{"line":70,"column":44}},"23":{"start":{"line":71,"column":4},"end":{"line":71,"column":27}},"24":{"start":{"line":72,"column":18},"end":{"line":72,"column":31}},"25":{"start":{"line":73,"column":14},"end":{"line":73,"column":35}},"26":{"start":{"line":74,"column":4},"end":{"line":74,"column":26}},"27":{"start":{"line":75,"column":4},"end":{"line":75,"column":24}},"28":{"start":{"line":76,"column":4},"end":{"line":76,"column":37}},"29":{"start":{"line":79,"column":22},"end":{"line":87,"column":3}},"30":{"start":{"line":80,"column":15},"end":{"line":80,"column":28}},"31":{"start":{"line":81,"column":4},"end":{"line":81,"column":27}},"32":{"start":{"line":82,"column":18},"end":{"line":82,"column":47}},"33":{"start":{"line":83,"column":14},"end":{"line":83,"column":35}},"34":{"start":{"line":84,"column":4},"end":{"line":84,"column":26}},"35":{"start":{"line":85,"column":4},"end":{"line":85,"column":21}},"36":{"start":{"line":86,"column":4},"end":{"line":86,"column":40}},"37":{"start":{"line":89,"column":22},"end":{"line":101,"column":3}},"38":{"start":{"line":90,"column":4},"end":{"line":100,"column":5}},"39":{"start":{"line":91,"column":6},"end":{"line":96,"column":9}},"40":{"start":{"line":95,"column":44},"end":{"line":95,"column":71}},"41":{"start":{"line":99,"column":6},"end":{"line":99,"column":55}},"42":{"start":{"line":103,"column":20},"end":{"line":124,"column":3}},"43":{"start":{"line":104,"column":4},"end":{"line":123,"column":7}},"44":{"start":{"line":108,"column":25},"end":{"line":108,"column":47}},"45":{"start":{"line":126,"column":24},"end":{"line":147,"column":3}},"46":{"start":{"line":127,"column":4},"end":{"line":146,"column":7}},"47":{"start":{"line":131,"column":25},"end":{"line":131,"column":42}},"48":{"start":{"line":149,"column":2},"end":{"line":225,"column":4}},"49":{"start":{"line":184,"column":36},"end":{"line":184,"column":43}},"50":{"start":{"line":217,"column":36},"end":{"line":217,"column":43}},"51":{"start":{"line":231,"column":13},"end":{"line":268,"column":2}}},"fnMap":{"0":{"name":"(anonymous_0)","decl":{"start":{"line":14,"column":23},"end":{"line":14,"column":24}},"loc":{"start":{"line":14,"column":29},"end":{"line":226,"column":1}},"line":14},"1":{"name":"(anonymous_1)","decl":{"start":{"line":16,"column":35},"end":{"line":16,"column":36}},"loc":{"start":{"line":16,"column":44},"end":{"line":16,"column":61}},"line":16},"2":{"name":"(anonymous_2)","decl":{"start":{"line":60,"column":12},"end":{"line":60,"column":13}},"loc":{"start":{"line":60,"column":18},"end":{"line":62,"column":3}},"line":60},"3":{"name":"(anonymous_3)","decl":{"start":{"line":64,"column":21},"end":{"line":64,"column":22}},"loc":{"start":{"line":64,"column":27},"end":{"line":67,"column":3}},"line":64},"4":{"name":"(anonymous_4)","decl":{"start":{"line":65,"column":37},"end":{"line":65,"column":38}},"loc":{"start":{"line":65,"column":42},"end":{"line":65,"column":76}},"line":65},"5":{"name":"(anonymous_5)","decl":{"start":{"line":65,"column":57},"end":{"line":65,"column":58}},"loc":{"start":{"line":65,"column":62},"end":{"line":65,"column":75}},"line":65},"6":{"name":"(anonymous_6)","decl":{"start":{"line":69,"column":27},"end":{"line":69,"column":28}},"loc":{"start":{"line":69,"column":37},"end":{"line":77,"column":3}},"line":69},"7":{"name":"(anonymous_7)","decl":{"start":{"line":79,"column":22},"end":{"line":79,"column":23}},"loc":{"start":{"line":79,"column":32},"end":{"line":87,"column":3}},"line":79},"8":{"name":"(anonymous_8)","decl":{"start":{"line":89,"column":22},"end":{"line":89,"column":23}},"loc":{"start":{"line":89,"column":28},"end":{"line":101,"column":3}},"line":89},"9":{"name":"(anonymous_9)","decl":{"start":{"line":95,"column":38},"end":{"line":95,"column":39}},"loc":{"start":{"line":95,"column":44},"end":{"line":95,"column":71}},"line":95},"10":{"name":"(anonymous_10)","decl":{"start":{"line":103,"column":20},"end":{"line":103,"column":21}},"loc":{"start":{"line":103,"column":41},"end":{"line":124,"column":3}},"line":103},"11":{"name":"(anonymous_11)","decl":{"start":{"line":108,"column":19},"end":{"line":108,"column":20}},"loc":{"start":{"line":108,"column":25},"end":{"line":108,"column":47}},"line":108},"12":{"name":"(anonymous_12)","decl":{"start":{"line":126,"column":24},"end":{"line":126,"column":25}},"loc":{"start":{"line":126,"column":45},"end":{"line":147,"column":3}},"line":126},"13":{"name":"(anonymous_13)","decl":{"start":{"line":131,"column":19},"end":{"line":131,"column":20}},"loc":{"start":{"line":131,"column":25},"end":{"line":131,"column":42}},"line":131},"14":{"name":"(anonymous_14)","decl":{"start":{"line":184,"column":26},"end":{"line":184,"column":27}},"loc":{"start":{"line":184,"column":36},"end":{"line":184,"column":43}},"line":184},"15":{"name":"(anonymous_15)","decl":{"start":{"line":217,"column":26},"end":{"line":217,"column":27}},"loc":{"start":{"line":217,"column":36},"end":{"line":217,"column":43}},"line":217}},"branchMap":{"0":{"loc":{"start":{"line":90,"column":4},"end":{"line":100,"column":5}},"type":"if","locations":[{"start":{"line":90,"column":4},"end":{"line":100,"column":5}},{"start":{"line":98,"column":11},"end":{"line":100,"column":5}}],"line":90}},"s":{"0":1,"1":0,"2":0,"3":0,"4":0,"5":0,"6":0,"7":0,"8":0,"9":0,"10":0,"11":0,"12":0,"13":0,"14":0,"15":0,"16":0,"17":0,"18":0,"19":0,"20":0,"21":0,"22":0,"23":0,"24":0,"25":0,"26":0,"27":0,"28":0,"29":0,"30":0,"31":0,"32":0,"33":0,"34":0,"35":0,"36":0,"37":0,"38":0,"39":0,"40":0,"41":0,"42":0,"43":0,"44":0,"45":0,"46":0,"47":0,"48":0,"49":0,"50":0,"51":1},"f":{"0":0,"1":0,"2":0,"3":0,"4":0,"5":0,"6":0,"7":0,"8":0,"9":0,"10":0,"11":0,"12":0,"13":0,"14":0,"15":0},"b":{"0":[0,0]},"_coverageSchema":"1a1c01bbd47fc00a2c39e90264f33305004495a9","hash":"cb6ac6b851a69a184a14632e9c522873faf62b99"}
,"/Users/shreyanimbhorkar/Desktop/VPA/video-perception-analyzer-frontend/screens/EditProfile.js": {"path":"/Users/shreyanimbhorkar/Desktop/VPA/video-perception-analyzer-frontend/screens/EditProfile.js","statementMap":{"0":{"start":{"line":4,"column":20},"end":{"line":12,"column":1}},"1":{"start":{"line":7,"column":2},"end":{"line":11,"column":4}}},"fnMap":{"0":{"name":"(anonymous_0)","decl":{"start":{"line":4,"column":20},"end":{"line":4,"column":21}},"loc":{"start":{"line":4,"column":26},"end":{"line":12,"column":1}},"line":4}},"branchMap":{},"s":{"0":1,"1":0},"f":{"0":0},"b":{},"_coverageSchema":"1a1c01bbd47fc00a2c39e90264f33305004495a9","hash":"7bd75ddf0849e973701c5a2065007bce687dd054"}
,"/Users/shreyanimbhorkar/Desktop/VPA/video-perception-analyzer-frontend/screens/Home.js": {"path":"/Users/shreyanimbhorkar/Desktop/VPA/video-perception-analyzer-frontend/screens/Home.js","statementMap":{"0":{"start":{"line":11,"column":13},"end":{"line":132,"column":1}},"1":{"start":{"line":12,"column":21},"end":{"line":12,"column":36}},"2":{"start":{"line":13,"column":32},"end":{"line":13,"column":49}},"3":{"start":{"line":14,"column":30},"end":{"line":14,"column":45}},"4":{"start":{"line":15,"column":44},"end":{"line":15,"column":58}},"5":{"start":{"line":16,"column":40},"end":{"line":16,"column":54}},"6":{"start":{"line":17,"column":18},"end":{"line":17,"column":42}},"7":{"start":{"line":18,"column":20},"end":{"line":18,"column":24}},"8":{"start":{"line":20,"column":52},"end":{"line":20,"column":82}},"9":{"start":{"line":21,"column":17},"end":{"line":21,"column":59}},"10":{"start":{"line":23,"column":21},"end":{"line":29,"column":3}},"11":{"start":{"line":24,"column":4},"end":{"line":28,"column":44}},"12":{"start":{"line":26,"column":6},"end":{"line":26,"column":30}},"13":{"start":{"line":28,"column":22},"end":{"line":28,"column":42}},"14":{"start":{"line":31,"column":23},"end":{"line":45,"column":3}},"15":{"start":{"line":32,"column":4},"end":{"line":34,"column":5}},"16":{"start":{"line":33,"column":6},"end":{"line":33,"column":26}},"17":{"start":{"line":36,"column":25},"end":{"line":38,"column":5}},"18":{"start":{"line":37,"column":6},"end":{"line":37,"column":59}},"19":{"start":{"line":40,"column":4},"end":{"line":44,"column":5}},"20":{"start":{"line":41,"column":6},"end":{"line":41,"column":26}},"21":{"start":{"line":43,"column":6},"end":{"line":43,"column":31}},"22":{"start":{"line":47,"column":23},"end":{"line":55,"column":3}},"23":{"start":{"line":49,"column":27},"end":{"line":49,"column":56}},"24":{"start":{"line":50,"column":4},"end":{"line":54,"column":5}},"25":{"start":{"line":51,"column":6},"end":{"line":51,"column":22}},"26":{"start":{"line":52,"column":11},"end":{"line":54,"column":5}},"27":{"start":{"line":53,"column":6},"end":{"line":53,"column":22}},"28":{"start":{"line":57,"column":28},"end":{"line":62,"column":3}},"29":{"start":{"line":58,"column":4},"end":{"line":58,"column":49}},"30":{"start":{"line":59,"column":21},"end":{"line":59,"column":45}},"31":{"start":{"line":60,"column":4},"end":{"line":60,"column":66}},"32":{"start":{"line":61,"column":4},"end":{"line":61,"column":83}},"33":{"start":{"line":66,"column":2},"end":{"line":131,"column":4}},"34":{"start":{"line":74,"column":38},"end":{"line":74,"column":76}},"35":{"start":{"line":75,"column":36},"end":{"line":75,"column":43}}},"fnMap":{"0":{"name":"(anonymous_0)","decl":{"start":{"line":11,"column":13},"end":{"line":11,"column":14}},"loc":{"start":{"line":11,"column":26},"end":{"line":132,"column":1}},"line":11},"1":{"name":"(anonymous_1)","decl":{"start":{"line":23,"column":21},"end":{"line":23,"column":22}},"loc":{"start":{"line":23,"column":27},"end":{"line":29,"column":3}},"line":23},"2":{"name":"(anonymous_2)","decl":{"start":{"line":25,"column":10},"end":{"line":25,"column":11}},"loc":{"start":{"line":25,"column":16},"end":{"line":26,"column":31}},"line":25},"3":{"name":"(anonymous_3)","decl":{"start":{"line":28,"column":11},"end":{"line":28,"column":12}},"loc":{"start":{"line":28,"column":22},"end":{"line":28,"column":42}},"line":28},"4":{"name":"(anonymous_4)","decl":{"start":{"line":31,"column":23},"end":{"line":31,"column":24}},"loc":{"start":{"line":31,"column":34},"end":{"line":45,"column":3}},"line":31},"5":{"name":"(anonymous_5)","decl":{"start":{"line":36,"column":40},"end":{"line":36,"column":41}},"loc":{"start":{"line":37,"column":6},"end":{"line":37,"column":59}},"line":37},"6":{"name":"(anonymous_6)","decl":{"start":{"line":47,"column":23},"end":{"line":47,"column":24}},"loc":{"start":{"line":47,"column":30},"end":{"line":55,"column":3}},"line":47},"7":{"name":"(anonymous_7)","decl":{"start":{"line":57,"column":28},"end":{"line":57,"column":29}},"loc":{"start":{"line":57,"column":35},"end":{"line":62,"column":3}},"line":57},"8":{"name":"(anonymous_8)","decl":{"start":{"line":74,"column":24},"end":{"line":74,"column":25}},"loc":{"start":{"line":74,"column":38},"end":{"line":74,"column":76}},"line":74},"9":{"name":"(anonymous_9)","decl":{"start":{"line":75,"column":26},"end":{"line":75,"column":27}},"loc":{"start":{"line":75,"column":36},"end":{"line":75,"column":43}},"line":75}},"branchMap":{"0":{"loc":{"start":{"line":21,"column":17},"end":{"line":21,"column":59}},"type":"cond-expr","locations":[{"start":{"line":21,"column":37},"end":{"line":21,"column":54}},{"start":{"line":21,"column":57},"end":{"line":21,"column":59}}],"line":21},"1":{"loc":{"start":{"line":32,"column":4},"end":{"line":34,"column":5}},"type":"if","locations":[{"start":{"line":32,"column":4},"end":{"line":34,"column":5}},{"start":{},"end":{}}],"line":32},"2":{"loc":{"start":{"line":40,"column":4},"end":{"line":44,"column":5}},"type":"if","locations":[{"start":{"line":40,"column":4},"end":{"line":44,"column":5}},{"start":{"line":42,"column":11},"end":{"line":44,"column":5}}],"line":40},"3":{"loc":{"start":{"line":50,"column":4},"end":{"line":54,"column":5}},"type":"if","locations":[{"start":{"line":50,"column":4},"end":{"line":54,"column":5}},{"start":{"line":52,"column":11},"end":{"line":54,"column":5}}],"line":50},"4":{"loc":{"start":{"line":50,"column":8},"end":{"line":50,"column":80}},"type":"binary-expr","locations":[{"start":{"line":50,"column":8},"end":{"line":50,"column":38}},{"start":{"line":50,"column":42},"end":{"line":50,"column":70}},{"start":{"line":50,"column":74},"end":{"line":50,"column":80}}],"line":50},"5":{"loc":{"start":{"line":52,"column":11},"end":{"line":54,"column":5}},"type":"if","locations":[{"start":{"line":52,"column":11},"end":{"line":54,"column":5}},{"start":{},"end":{}}],"line":52},"6":{"loc":{"start":{"line":52,"column":15},"end":{"line":52,"column":90}},"type":"binary-expr","locations":[{"start":{"line":52,"column":16},"end":{"line":52,"column":44}},{"start":{"line":52,"column":48},"end":{"line":52,"column":78}},{"start":{"line":52,"column":83},"end":{"line":52,"column":90}}],"line":52}},"s":{"0":1,"1":0,"2":0,"3":0,"4":0,"5":0,"6":0,"7":0,"8":0,"9":0,"10":0,"11":0,"12":0,"13":0,"14":0,"15":0,"16":0,"17":0,"18":0,"19":0,"20":0,"21":0,"22":0,"23":0,"24":0,"25":0,"26":0,"27":0,"28":0,"29":0,"30":0,"31":0,"32":0,"33":0,"34":0,"35":0},"f":{"0":0,"1":0,"2":0,"3":0,"4":0,"5":0,"6":0,"7":0,"8":0,"9":0},"b":{"0":[0,0],"1":[0,0],"2":[0,0],"3":[0,0],"4":[0,0,0],"5":[0,0],"6":[0,0,0]},"_coverageSchema":"1a1c01bbd47fc00a2c39e90264f33305004495a9","hash":"4b7eae5b7cd22f07d88af52423728de17db40462"}
,"/Users/shreyanimbhorkar/Desktop/VPA/video-perception-analyzer-frontend/screens/Login.js": {"path":"/Users/shreyanimbhorkar/Desktop/VPA/video-perception-analyzer-frontend/screens/Login.js","statementMap":{"0":{"start":{"line":17,"column":14},"end":{"line":131,"column":1}},"1":{"start":{"line":19,"column":36},"end":{"line":19,"column":48}},"2":{"start":{"line":20,"column":36},"end":{"line":20,"column":48}},"3":{"start":{"line":21,"column":21},"end":{"line":21,"column":30}},"4":{"start":{"line":23,"column":54},"end":{"line":23,"column":84}},"5":{"start":{"line":24,"column":19},"end":{"line":24,"column":56}},"6":{"start":{"line":24,"column":38},"end":{"line":24,"column":55}},"7":{"start":{"line":25,"column":21},"end":{"line":25,"column":34}},"8":{"start":{"line":27,"column":28},"end":{"line":43,"column":5}},"9":{"start":{"line":28,"column":8},"end":{"line":42,"column":10}},"10":{"start":{"line":30,"column":10},"end":{"line":30,"column":55}},"11":{"start":{"line":31,"column":10},"end":{"line":35,"column":11}},"12":{"start":{"line":32,"column":12},"end":{"line":32,"column":61}},"13":{"start":{"line":34,"column":12},"end":{"line":34,"column":36}},"14":{"start":{"line":37,"column":12},"end":{"line":41,"column":13}},"15":{"start":{"line":38,"column":14},"end":{"line":38,"column":66}},"16":{"start":{"line":40,"column":14},"end":{"line":40,"column":67}},"17":{"start":{"line":45,"column":36},"end":{"line":47,"column":5}},"18":{"start":{"line":46,"column":6},"end":{"line":46,"column":42}},"19":{"start":{"line":49,"column":28},"end":{"line":51,"column":5}},"20":{"start":{"line":50,"column":6},"end":{"line":50,"column":35}},"21":{"start":{"line":53,"column":21},"end":{"line":53,"column":42}},"22":{"start":{"line":54,"column":23},"end":{"line":54,"column":38}},"23":{"start":{"line":57,"column":30},"end":{"line":76,"column":5}},"24":{"start":{"line":78,"column":28},"end":{"line":78,"column":83}},"25":{"start":{"line":78,"column":34},"end":{"line":78,"column":83}},"26":{"start":{"line":80,"column":25},"end":{"line":88,"column":5}},"27":{"start":{"line":81,"column":6},"end":{"line":87,"column":8}},"28":{"start":{"line":83,"column":8},"end":{"line":83,"column":42}},"29":{"start":{"line":86,"column":8},"end":{"line":86,"column":29}},"30":{"start":{"line":90,"column":4},"end":{"line":130,"column":5}},"31":{"start":{"line":133,"column":15},"end":{"line":156,"column":2}},"32":{"start":{"line":158,"column":19},"end":{"line":161,"column":1}}},"fnMap":{"0":{"name":"(anonymous_0)","decl":{"start":{"line":17,"column":14},"end":{"line":17,"column":15}},"loc":{"start":{"line":17,"column":20},"end":{"line":131,"column":1}},"line":17},"1":{"name":"(anonymous_1)","decl":{"start":{"line":24,"column":31},"end":{"line":24,"column":32}},"loc":{"start":{"line":24,"column":38},"end":{"line":24,"column":55}},"line":24},"2":{"name":"(anonymous_2)","decl":{"start":{"line":27,"column":28},"end":{"line":27,"column":29}},"loc":{"start":{"line":27,"column":39},"end":{"line":43,"column":5}},"line":27},"3":{"name":"(anonymous_3)","decl":{"start":{"line":29,"column":14},"end":{"line":29,"column":15}},"loc":{"start":{"line":29,"column":24},"end":{"line":36,"column":9}},"line":29},"4":{"name":"(anonymous_4)","decl":{"start":{"line":36,"column":11},"end":{"line":36,"column":12}},"loc":{"start":{"line":36,"column":20},"end":{"line":42,"column":9}},"line":36},"5":{"name":"(anonymous_5)","decl":{"start":{"line":45,"column":36},"end":{"line":45,"column":37}},"loc":{"start":{"line":45,"column":42},"end":{"line":47,"column":5}},"line":45},"6":{"name":"(anonymous_6)","decl":{"start":{"line":49,"column":28},"end":{"line":49,"column":29}},"loc":{"start":{"line":49,"column":34},"end":{"line":51,"column":5}},"line":49},"7":{"name":"(anonymous_7)","decl":{"start":{"line":57,"column":30},"end":{"line":57,"column":31}},"loc":{"start":{"line":57,"column":41},"end":{"line":76,"column":5}},"line":57},"8":{"name":"(anonymous_8)","decl":{"start":{"line":78,"column":28},"end":{"line":78,"column":29}},"loc":{"start":{"line":78,"column":34},"end":{"line":78,"column":83}},"line":78},"9":{"name":"(anonymous_9)","decl":{"start":{"line":80,"column":25},"end":{"line":80,"column":26}},"loc":{"start":{"line":80,"column":42},"end":{"line":88,"column":5}},"line":80},"10":{"name":"(anonymous_10)","decl":{"start":{"line":82,"column":12},"end":{"line":82,"column":13}},"loc":{"start":{"line":82,"column":18},"end":{"line":84,"column":7}},"line":82},"11":{"name":"(anonymous_11)","decl":{"start":{"line":85,"column":13},"end":{"line":85,"column":14}},"loc":{"start":{"line":85,"column":24},"end":{"line":87,"column":7}},"line":85}},"branchMap":{"0":{"loc":{"start":{"line":31,"column":10},"end":{"line":35,"column":11}},"type":"if","locations":[{"start":{"line":31,"column":10},"end":{"line":35,"column":11}},{"start":{"line":33,"column":17},"end":{"line":35,"column":11}}],"line":31},"1":{"loc":{"start":{"line":37,"column":12},"end":{"line":41,"column":13}},"type":"if","locations":[{"start":{"line":37,"column":12},"end":{"line":41,"column":13}},{"start":{"line":39,"column":19},"end":{"line":41,"column":13}}],"line":37},"2":{"loc":{"start":{"line":37,"column":16},"end":{"line":37,"column":131}},"type":"binary-expr","locations":[{"start":{"line":37,"column":16},"end":{"line":37,"column":51}},{"start":{"line":37,"column":55},"end":{"line":37,"column":91}},{"start":{"line":37,"column":95},"end":{"line":37,"column":131}}],"line":37}},"s":{"0":1,"1":0,"2":0,"3":0,"4":0,"5":0,"6":0,"7":0,"8":0,"9":0,"10":0,"11":0,"12":0,"13":0,"14":0,"15":0,"16":0,"17":0,"18":0,"19":0,"20":0,"21":0,"22":0,"23":0,"24":0,"25":0,"26":0,"27":0,"28":0,"29":0,"30":0,"31":1,"32":1},"f":{"0":0,"1":0,"2":0,"3":0,"4":0,"5":0,"6":0,"7":0,"8":0,"9":0,"10":0,"11":0},"b":{"0":[0,0],"1":[0,0],"2":[0,0,0]},"_coverageSchema":"1a1c01bbd47fc00a2c39e90264f33305004495a9","hash":"f2e550ea37b4964862900bd368b798b384000312"}
,"/Users/shreyanimbhorkar/Desktop/VPA/video-perception-analyzer-frontend/screens/ResetPassword.js": {"path":"/Users/shreyanimbhorkar/Desktop/VPA/video-perception-analyzer-frontend/screens/ResetPassword.js","statementMap":{"0":{"start":{"line":10,"column":22},"end":{"line":43,"column":1}},"1":{"start":{"line":11,"column":30},"end":{"line":11,"column":42}},"2":{"start":{"line":12,"column":23},"end":{"line":12,"column":44}},"3":{"start":{"line":13,"column":22},"end":{"line":13,"column":37}},"4":{"start":{"line":14,"column":23},"end":{"line":19,"column":5}},"5":{"start":{"line":15,"column":8},"end":{"line":18,"column":9}},"6":{"start":{"line":16,"column":12},"end":{"line":16,"column":74}},"7":{"start":{"line":21,"column":20},"end":{"line":23,"column":5}},"8":{"start":{"line":22,"column":8},"end":{"line":22,"column":35}},"9":{"start":{"line":24,"column":4},"end":{"line":42,"column":5}},"10":{"start":{"line":45,"column":15},"end":{"line":68,"column":2}}},"fnMap":{"0":{"name":"(anonymous_0)","decl":{"start":{"line":10,"column":22},"end":{"line":10,"column":23}},"loc":{"start":{"line":10,"column":28},"end":{"line":43,"column":1}},"line":10},"1":{"name":"(anonymous_1)","decl":{"start":{"line":14,"column":23},"end":{"line":14,"column":24}},"loc":{"start":{"line":14,"column":29},"end":{"line":19,"column":5}},"line":14},"2":{"name":"(anonymous_2)","decl":{"start":{"line":15,"column":49},"end":{"line":15,"column":50}},"loc":{"start":{"line":15,"column":55},"end":{"line":17,"column":13}},"line":15},"3":{"name":"(anonymous_3)","decl":{"start":{"line":21,"column":20},"end":{"line":21,"column":21}},"loc":{"start":{"line":21,"column":26},"end":{"line":23,"column":5}},"line":21}},"branchMap":{},"s":{"0":1,"1":0,"2":0,"3":0,"4":0,"5":0,"6":0,"7":0,"8":0,"9":0,"10":1},"f":{"0":0,"1":0,"2":0,"3":0},"b":{},"_coverageSchema":"1a1c01bbd47fc00a2c39e90264f33305004495a9","hash":"cd96c90e0190b813528aa062f70736b2b6867816"}
,"/Users/shreyanimbhorkar/Desktop/VPA/video-perception-analyzer-frontend/screens/SignUp.js": {"path":"/Users/shreyanimbhorkar/Desktop/VPA/video-perception-analyzer-frontend/screens/SignUp.js","statementMap":{"0":{"start":{"line":15,"column":15},"end":{"line":233,"column":1}},"1":{"start":{"line":17,"column":21},"end":{"line":17,"column":36}},"2":{"start":{"line":18,"column":57},"end":{"line":18,"column":72}},"3":{"start":{"line":19,"column":36},"end":{"line":19,"column":51}},"4":{"start":{"line":20,"column":28},"end":{"line":20,"column":43}},"5":{"start":{"line":21,"column":32},"end":{"line":21,"column":47}},"6":{"start":{"line":22,"column":32},"end":{"line":22,"column":47}},"7":{"start":{"line":23,"column":38},"end":{"line":23,"column":53}},"8":{"start":{"line":24,"column":35},"end":{"line":24,"column":50}},"9":{"start":{"line":25,"column":36},"end":{"line":25,"column":51}},"10":{"start":{"line":26,"column":34},"end":{"line":26,"column":48}},"11":{"start":{"line":27,"column":50},"end":{"line":27,"column":64}},"12":{"start":{"line":28,"column":21},"end":{"line":28,"column":42}},"13":{"start":{"line":29,"column":34},"end":{"line":29,"column":46}},"14":{"start":{"line":30,"column":28},"end":{"line":30,"column":40}},"15":{"start":{"line":31,"column":24},"end":{"line":31,"column":36}},"16":{"start":{"line":32,"column":34},"end":{"line":32,"column":46}},"17":{"start":{"line":33,"column":48},"end":{"line":33,"column":60}},"18":{"start":{"line":34,"column":52},"end":{"line":34,"column":64}},"19":{"start":{"line":35,"column":26},"end":{"line":35,"column":46}},"20":{"start":{"line":36,"column":19},"end":{"line":36,"column":31}},"21":{"start":{"line":37,"column":19},"end":{"line":37,"column":28}},"22":{"start":{"line":39,"column":25},"end":{"line":42,"column":3}},"23":{"start":{"line":40,"column":4},"end":{"line":40,"column":34}},"24":{"start":{"line":41,"column":4},"end":{"line":41,"column":18}},"25":{"start":{"line":44,"column":25},"end":{"line":46,"column":3}},"26":{"start":{"line":45,"column":4},"end":{"line":45,"column":35}},"27":{"start":{"line":48,"column":26},"end":{"line":64,"column":3}},"28":{"start":{"line":49,"column":15},"end":{"line":49,"column":37}},"29":{"start":{"line":50,"column":16},"end":{"line":50,"column":27}},"30":{"start":{"line":51,"column":4},"end":{"line":51,"column":35}},"31":{"start":{"line":52,"column":14},"end":{"line":52,"column":25}},"32":{"start":{"line":53,"column":4},"end":{"line":53,"column":30}},"33":{"start":{"line":54,"column":15},"end":{"line":54,"column":32}},"34":{"start":{"line":55,"column":4},"end":{"line":55,"column":31}},"35":{"start":{"line":56,"column":14},"end":{"line":56,"column":18}},"36":{"start":{"line":57,"column":4},"end":{"line":57,"column":28}},"37":{"start":{"line":58,"column":16},"end":{"line":58,"column":23}},"38":{"start":{"line":59,"column":16},"end":{"line":59,"column":23}},"39":{"start":{"line":60,"column":19},"end":{"line":60,"column":35}},"40":{"start":{"line":61,"column":19},"end":{"line":61,"column":35}},"41":{"start":{"line":62,"column":4},"end":{"line":62,"column":26}},"42":{"start":{"line":63,"column":4},"end":{"line":63,"column":26}},"43":{"start":{"line":66,"column":24},"end":{"line":72,"column":3}},"44":{"start":{"line":67,"column":4},"end":{"line":67,"column":51}},"45":{"start":{"line":68,"column":4},"end":{"line":68,"column":24}},"46":{"start":{"line":69,"column":23},"end":{"line":69,"column":56}},"47":{"start":{"line":70,"column":4},"end":{"line":70,"column":25}},"48":{"start":{"line":71,"column":4},"end":{"line":71,"column":21}},"49":{"start":{"line":74,"column":25},"end":{"line":81,"column":3}},"50":{"start":{"line":75,"column":4},"end":{"line":79,"column":5}},"51":{"start":{"line":76,"column":6},"end":{"line":76,"column":54}},"52":{"start":{"line":78,"column":6},"end":{"line":78,"column":31}},"53":{"start":{"line":80,"column":4},"end":{"line":80,"column":20}},"54":{"start":{"line":83,"column":29},"end":{"line":90,"column":3}},"55":{"start":{"line":84,"column":4},"end":{"line":88,"column":5}},"56":{"start":{"line":85,"column":6},"end":{"line":85,"column":54}},"57":{"start":{"line":87,"column":6},"end":{"line":87,"column":31}},"58":{"start":{"line":89,"column":4},"end":{"line":89,"column":20}},"59":{"start":{"line":92,"column":26},"end":{"line":121,"column":3}},"60":{"start":{"line":93,"column":4},"end":{"line":120,"column":5}},"61":{"start":{"line":94,"column":6},"end":{"line":94,"column":51}},"62":{"start":{"line":95,"column":11},"end":{"line":120,"column":5}},"63":{"start":{"line":96,"column":6},"end":{"line":96,"column":54}},"64":{"start":{"line":97,"column":11},"end":{"line":120,"column":5}},"65":{"start":{"line":98,"column":6},"end":{"line":98,"column":74}},"66":{"start":{"line":99,"column":11},"end":{"line":120,"column":5}},"67":{"start":{"line":100,"column":6},"end":{"line":100,"column":48}},"68":{"start":{"line":103,"column":6},"end":{"line":119,"column":8}},"69":{"start":{"line":105,"column":8},"end":{"line":112,"column":11}},"70":{"start":{"line":107,"column":10},"end":{"line":111,"column":12}},"71":{"start":{"line":110,"column":12},"end":{"line":110,"column":77}},"72":{"start":{"line":113,"column":8},"end":{"line":113,"column":36}},"73":{"start":{"line":116,"column":8},"end":{"line":118,"column":9}},"74":{"start":{"line":117,"column":10},"end":{"line":117,"column":73}},"75":{"start":{"line":123,"column":25},"end":{"line":125,"column":3}},"76":{"start":{"line":124,"column":4},"end":{"line":124,"column":32}},"77":{"start":{"line":127,"column":22},"end":{"line":129,"column":3}},"78":{"start":{"line":131,"column":23},"end":{"line":133,"column":3}},"79":{"start":{"line":132,"column":4},"end":{"line":132,"column":25}},"80":{"start":{"line":135,"column":25},"end":{"line":137,"column":3}},"81":{"start":{"line":136,"column":4},"end":{"line":136,"column":27}},"82":{"start":{"line":139,"column":28},"end":{"line":139,"column":85}},"83":{"start":{"line":139,"column":34},"end":{"line":139,"column":85}},"84":{"start":{"line":140,"column":26},"end":{"line":140,"column":81}},"85":{"start":{"line":140,"column":32},"end":{"line":140,"column":81}},"86":{"start":{"line":142,"column":2},"end":{"line":232,"column":3}},"87":{"start":{"line":178,"column":39},"end":{"line":178,"column":90}},"88":{"start":{"line":214,"column":39},"end":{"line":214,"column":90}},"89":{"start":{"line":235,"column":15},"end":{"line":275,"column":2}}},"fnMap":{"0":{"name":"(anonymous_0)","decl":{"start":{"line":15,"column":15},"end":{"line":15,"column":16}},"loc":{"start":{"line":15,"column":21},"end":{"line":233,"column":1}},"line":15},"1":{"name":"(anonymous_1)","decl":{"start":{"line":39,"column":25},"end":{"line":39,"column":26}},"loc":{"start":{"line":39,"column":31},"end":{"line":42,"column":3}},"line":39},"2":{"name":"(anonymous_2)","decl":{"start":{"line":44,"column":25},"end":{"line":44,"column":26}},"loc":{"start":{"line":44,"column":31},"end":{"line":46,"column":3}},"line":44},"3":{"name":"(anonymous_3)","decl":{"start":{"line":48,"column":26},"end":{"line":48,"column":27}},"loc":{"start":{"line":48,"column":37},"end":{"line":64,"column":3}},"line":48},"4":{"name":"(anonymous_4)","decl":{"start":{"line":66,"column":24},"end":{"line":66,"column":25}},"loc":{"start":{"line":66,"column":34},"end":{"line":72,"column":3}},"line":66},"5":{"name":"(anonymous_5)","decl":{"start":{"line":74,"column":25},"end":{"line":74,"column":26}},"loc":{"start":{"line":74,"column":62},"end":{"line":81,"column":3}},"line":74},"6":{"name":"(anonymous_6)","decl":{"start":{"line":83,"column":29},"end":{"line":83,"column":30}},"loc":{"start":{"line":83,"column":66},"end":{"line":90,"column":3}},"line":83},"7":{"name":"(anonymous_7)","decl":{"start":{"line":92,"column":26},"end":{"line":92,"column":27}},"loc":{"start":{"line":92,"column":32},"end":{"line":121,"column":3}},"line":92},"8":{"name":"(anonymous_8)","decl":{"start":{"line":104,"column":12},"end":{"line":104,"column":13}},"loc":{"start":{"line":104,"column":21},"end":{"line":114,"column":7}},"line":104},"9":{"name":"(anonymous_9)","decl":{"start":{"line":106,"column":14},"end":{"line":106,"column":15}},"loc":{"start":{"line":106,"column":20},"end":{"line":112,"column":9}},"line":106},"10":{"name":"(anonymous_10)","decl":{"start":{"line":109,"column":18},"end":{"line":109,"column":19}},"loc":{"start":{"line":109,"column":24},"end":{"line":111,"column":11}},"line":109},"11":{"name":"(anonymous_11)","decl":{"start":{"line":115,"column":13},"end":{"line":115,"column":14}},"loc":{"start":{"line":115,"column":22},"end":{"line":119,"column":7}},"line":115},"12":{"name":"(anonymous_12)","decl":{"start":{"line":123,"column":25},"end":{"line":123,"column":26}},"loc":{"start":{"line":123,"column":31},"end":{"line":125,"column":3}},"line":123},"13":{"name":"(anonymous_13)","decl":{"start":{"line":127,"column":22},"end":{"line":127,"column":23}},"loc":{"start":{"line":127,"column":28},"end":{"line":129,"column":3}},"line":127},"14":{"name":"(anonymous_14)","decl":{"start":{"line":131,"column":23},"end":{"line":131,"column":24}},"loc":{"start":{"line":131,"column":29},"end":{"line":133,"column":3}},"line":131},"15":{"name":"(anonymous_15)","decl":{"start":{"line":135,"column":25},"end":{"line":135,"column":26}},"loc":{"start":{"line":135,"column":31},"end":{"line":137,"column":3}},"line":135},"16":{"name":"(anonymous_16)","decl":{"start":{"line":139,"column":28},"end":{"line":139,"column":29}},"loc":{"start":{"line":139,"column":34},"end":{"line":139,"column":85}},"line":139},"17":{"name":"(anonymous_17)","decl":{"start":{"line":140,"column":26},"end":{"line":140,"column":27}},"loc":{"start":{"line":140,"column":32},"end":{"line":140,"column":81}},"line":140},"18":{"name":"(anonymous_18)","decl":{"start":{"line":178,"column":28},"end":{"line":178,"column":29}},"loc":{"start":{"line":178,"column":39},"end":{"line":178,"column":90}},"line":178},"19":{"name":"(anonymous_19)","decl":{"start":{"line":214,"column":28},"end":{"line":214,"column":29}},"loc":{"start":{"line":214,"column":39},"end":{"line":214,"column":90}},"line":214}},"branchMap":{"0":{"loc":{"start":{"line":75,"column":4},"end":{"line":79,"column":5}},"type":"if","locations":[{"start":{"line":75,"column":4},"end":{"line":79,"column":5}},{"start":{"line":77,"column":11},"end":{"line":79,"column":5}}],"line":75},"1":{"loc":{"start":{"line":84,"column":4},"end":{"line":88,"column":5}},"type":"if","locations":[{"start":{"line":84,"column":4},"end":{"line":88,"column":5}},{"start":{"line":86,"column":11},"end":{"line":88,"column":5}}],"line":84},"2":{"loc":{"start":{"line":93,"column":4},"end":{"line":120,"column":5}},"type":"if","locations":[{"start":{"line":93,"column":4},"end":{"line":120,"column":5}},{"start":{"line":95,"column":11},"end":{"line":120,"column":5}}],"line":93},"3":{"loc":{"start":{"line":93,"column":7},"end":{"line":93,"column":67}},"type":"binary-expr","locations":[{"start":{"line":93,"column":7},"end":{"line":93,"column":16}},{"start":{"line":93,"column":20},"end":{"line":93,"column":26}},{"start":{"line":93,"column":30},"end":{"line":93,"column":34}},{"start":{"line":93,"column":38},"end":{"line":93,"column":47}},{"start":{"line":93,"column":51},"end":{"line":93,"column":67}}],"line":93},"4":{"loc":{"start":{"line":95,"column":11},"end":{"line":120,"column":5}},"type":"if","locations":[{"start":{"line":95,"column":11},"end":{"line":120,"column":5}},{"start":{"line":97,"column":11},"end":{"line":120,"column":5}}],"line":95},"5":{"loc":{"start":{"line":97,"column":11},"end":{"line":120,"column":5}},"type":"if","locations":[{"start":{"line":97,"column":11},"end":{"line":120,"column":5}},{"start":{"line":99,"column":11},"end":{"line":120,"column":5}}],"line":97},"6":{"loc":{"start":{"line":97,"column":14},"end":{"line":97,"column":84}},"type":"binary-expr","locations":[{"start":{"line":97,"column":14},"end":{"line":97,"column":22}},{"start":{"line":97,"column":26},"end":{"line":97,"column":33}},{"start":{"line":97,"column":37},"end":{"line":97,"column":43}},{"start":{"line":97,"column":47},"end":{"line":97,"column":57}},{"start":{"line":97,"column":61},"end":{"line":97,"column":70}},{"start":{"line":97,"column":74},"end":{"line":97,"column":84}}],"line":97},"7":{"loc":{"start":{"line":99,"column":11},"end":{"line":120,"column":5}},"type":"if","locations":[{"start":{"line":99,"column":11},"end":{"line":120,"column":5}},{"start":{"line":101,"column":11},"end":{"line":120,"column":5}}],"line":99},"8":{"loc":{"start":{"line":116,"column":8},"end":{"line":118,"column":9}},"type":"if","locations":[{"start":{"line":116,"column":8},"end":{"line":118,"column":9}},{"start":{},"end":{}}],"line":116},"9":{"loc":{"start":{"line":170,"column":11},"end":{"line":171,"column":98}},"type":"cond-expr","locations":[{"start":{"line":170,"column":19},"end":{"line":170,"column":92}},{"start":{"line":171,"column":13},"end":{"line":171,"column":97}}],"line":170},"10":{"loc":{"start":{"line":185,"column":15},"end":{"line":195,"column":16}},"type":"cond-expr","locations":[{"start":{"line":185,"column":27},"end":{"line":190,"column":16}},{"start":{"line":190,"column":19},"end":{"line":195,"column":16}}],"line":185},"11":{"loc":{"start":{"line":203,"column":11},"end":{"line":210,"column":24}},"type":"cond-expr","locations":[{"start":{"line":204,"column":10},"end":{"line":210,"column":17}},{"start":{"line":210,"column":20},"end":{"line":210,"column":24}}],"line":203},"12":{"loc":{"start":{"line":205,"column":13},"end":{"line":205,"column":171}},"type":"cond-expr","locations":[{"start":{"line":205,"column":23},"end":{"line":205,"column":86}},{"start":{"line":205,"column":89},"end":{"line":205,"column":171}}],"line":205},"13":{"loc":{"start":{"line":206,"column":13},"end":{"line":206,"column":190}},"type":"cond-expr","locations":[{"start":{"line":206,"column":24},"end":{"line":206,"column":96}},{"start":{"line":206,"column":99},"end":{"line":206,"column":190}}],"line":206},"14":{"loc":{"start":{"line":207,"column":13},"end":{"line":207,"column":164}},"type":"cond-expr","locations":[{"start":{"line":207,"column":21},"end":{"line":207,"column":82}},{"start":{"line":207,"column":85},"end":{"line":207,"column":164}}],"line":207},"15":{"loc":{"start":{"line":208,"column":13},"end":{"line":208,"column":211}},"type":"cond-expr","locations":[{"start":{"line":208,"column":37},"end":{"line":208,"column":113}},{"start":{"line":208,"column":116},"end":{"line":208,"column":211}}],"line":208},"16":{"loc":{"start":{"line":208,"column":13},"end":{"line":208,"column":34}},"type":"binary-expr","locations":[{"start":{"line":208,"column":13},"end":{"line":208,"column":22}},{"start":{"line":208,"column":26},"end":{"line":208,"column":34}}],"line":208},"17":{"loc":{"start":{"line":209,"column":13},"end":{"line":209,"column":157}},"type":"cond-expr","locations":[{"start":{"line":209,"column":27},"end":{"line":209,"column":81}},{"start":{"line":209,"column":84},"end":{"line":209,"column":157}}],"line":209},"18":{"loc":{"start":{"line":222,"column":11},"end":{"line":222,"column":117}},"type":"cond-expr","locations":[{"start":{"line":222,"column":31},"end":{"line":222,"column":110}},{"start":{"line":222,"column":113},"end":{"line":222,"column":117}}],"line":222}},"s":{"0":1,"1":0,"2":0,"3":0,"4":0,"5":0,"6":0,"7":0,"8":0,"9":0,"10":0,"11":0,"12":0,"13":0,"14":0,"15":0,"16":0,"17":0,"18":0,"19":0,"20":0,"21":0,"22":0,"23":0,"24":0,"25":0,"26":0,"27":0,"28":0,"29":0,"30":0,"31":0,"32":0,"33":0,"34":0,"35":0,"36":0,"37":0,"38":0,"39":0,"40":0,"41":0,"42":0,"43":0,"44":0,"45":0,"46":0,"47":0,"48":0,"49":0,"50":0,"51":0,"52":0,"53":0,"54":0,"55":0,"56":0,"57":0,"58":0,"59":0,"60":0,"61":0,"62":0,"63":0,"64":0,"65":0,"66":0,"67":0,"68":0,"69":0,"70":0,"71":0,"72":0,"73":0,"74":0,"75":0,"76":0,"77":0,"78":0,"79":0,"80":0,"81":0,"82":0,"83":0,"84":0,"85":0,"86":0,"87":0,"88":0,"89":1},"f":{"0":0,"1":0,"2":0,"3":0,"4":0,"5":0,"6":0,"7":0,"8":0,"9":0,"10":0,"11":0,"12":0,"13":0,"14":0,"15":0,"16":0,"17":0,"18":0,"19":0},"b":{"0":[0,0],"1":[0,0],"2":[0,0],"3":[0,0,0,0,0],"4":[0,0],"5":[0,0],"6":[0,0,0,0,0,0],"7":[0,0],"8":[0,0],"9":[0,0],"10":[0,0],"11":[0,0],"12":[0,0],"13":[0,0],"14":[0,0],"15":[0,0],"16":[0,0],"17":[0,0],"18":[0,0]},"_coverageSchema":"1a1c01bbd47fc00a2c39e90264f33305004495a9","hash":"a33eec58b4a7f702d191ade95ff9ef6edb31e9c6"}
,"/Users/shreyanimbhorkar/Desktop/VPA/video-perception-analyzer-frontend/screens/UploadVideo.js": {"path":"/Users/shreyanimbhorkar/Desktop/VPA/video-perception-analyzer-frontend/screens/UploadVideo.js","statementMap":{"0":{"start":{"line":7,"column":20},"end":{"line":36,"column":1}},"1":{"start":{"line":9,"column":44},"end":{"line":9,"column":58}},"2":{"start":{"line":11,"column":29},"end":{"line":21,"column":3}},"3":{"start":{"line":12,"column":23},"end":{"line":14,"column":6}},"4":{"start":{"line":15,"column":4},"end":{"line":17,"column":5}},"5":{"start":{"line":16,"column":6},"end":{"line":16,"column":13}},"6":{"start":{"line":18,"column":4},"end":{"line":18,"column":30}},"7":{"start":{"line":19,"column":4},"end":{"line":19,"column":28}},"8":{"start":{"line":20,"column":4},"end":{"line":20,"column":56}},"9":{"start":{"line":23,"column":2},"end":{"line":35,"column":4}}},"fnMap":{"0":{"name":"(anonymous_0)","decl":{"start":{"line":7,"column":20},"end":{"line":7,"column":21}},"loc":{"start":{"line":7,"column":26},"end":{"line":36,"column":1}},"line":7},"1":{"name":"(anonymous_1)","decl":{"start":{"line":11,"column":29},"end":{"line":11,"column":30}},"loc":{"start":{"line":11,"column":41},"end":{"line":21,"column":3}},"line":11}},"branchMap":{"0":{"loc":{"start":{"line":15,"column":4},"end":{"line":17,"column":5}},"type":"if","locations":[{"start":{"line":15,"column":4},"end":{"line":17,"column":5}},{"start":{},"end":{}}],"line":15},"1":{"loc":{"start":{"line":27,"column":8},"end":{"line":32,"column":9}},"type":"binary-expr","locations":[{"start":{"line":27,"column":8},"end":{"line":27,"column":30}},{"start":{"line":29,"column":10},"end":{"line":31,"column":13}}],"line":27}},"s":{"0":1,"1":0,"2":0,"3":0,"4":0,"5":0,"6":0,"7":0,"8":0,"9":0},"f":{"0":0,"1":0},"b":{"0":[0,0],"1":[0,0]},"_coverageSchema":"1a1c01bbd47fc00a2c39e90264f33305004495a9","hash":"4687a6f5cf96de42e7e94b5920d479e41dc9cc8e"}
,"/Users/shreyanimbhorkar/Desktop/VPA/video-perception-analyzer-frontend/screens/Welcome.js": {"path":"/Users/shreyanimbhorkar/Desktop/VPA/video-perception-analyzer-frontend/screens/Welcome.js","statementMap":{"0":{"start":{"line":7,"column":16},"end":{"line":32,"column":1}},"1":{"start":{"line":8,"column":22},"end":{"line":8,"column":37}},"2":{"start":{"line":9,"column":4},"end":{"line":11,"column":12}},"3":{"start":{"line":10,"column":8},"end":{"line":10,"column":40}},"4":{"start":{"line":12,"column":4},"end":{"line":31,"column":6}}},"fnMap":{"0":{"name":"(anonymous_0)","decl":{"start":{"line":7,"column":16},"end":{"line":7,"column":17}},"loc":{"start":{"line":7,"column":22},"end":{"line":32,"column":1}},"line":7},"1":{"name":"(anonymous_1)","decl":{"start":{"line":9,"column":15},"end":{"line":9,"column":16}},"loc":{"start":{"line":9,"column":21},"end":{"line":11,"column":5}},"line":9}},"branchMap":{},"s":{"0":1,"1":0,"2":0,"3":0,"4":0},"f":{"0":0,"1":0},"b":{},"_coverageSchema":"1a1c01bbd47fc00a2c39e90264f33305004495a9","hash":"abe9d09c4a526a18ef784509d53fde5cf6302580"}
,"/Users/shreyanimbhorkar/Desktop/VPA/video-perception-analyzer-frontend/src/aws-exports.js": {"path":"/Users/shreyanimbhorkar/Desktop/VPA/video-perception-analyzer-frontend/src/aws-exports.js","statementMap":{"0":{"start":{"line":4,"column":18},"end":{"line":31,"column":1}}},"fnMap":{},"branchMap":{},"s":{"0":1},"f":{},"b":{},"_coverageSchema":"1a1c01bbd47fc00a2c39e90264f33305004495a9","hash":"85ce2f7c8a231b071a9fb67f6cf06e6648ac7609"}
,"/Users/shreyanimbhorkar/Desktop/VPA/video-perception-analyzer-frontend/utility/upload.js": {"path":"/Users/shreyanimbhorkar/Desktop/VPA/video-perception-analyzer-frontend/utility/upload.js","statementMap":{"0":{"start":{"line":3,"column":22},"end":{"line":7,"column":3}},"1":{"start":{"line":4,"column":21},"end":{"line":4,"column":37}},"2":{"start":{"line":5,"column":17},"end":{"line":5,"column":38}},"3":{"start":{"line":6,"column":4},"end":{"line":6,"column":16}},"4":{"start":{"line":8,"column":26},"end":{"line":31,"column":3}},"5":{"start":{"line":9,"column":18},"end":{"line":9,"column":57}},"6":{"start":{"line":10,"column":4},"end":{"line":30,"column":6}},"7":{"start":{"line":14,"column":8},"end":{"line":14,"column":86}},"8":{"start":{"line":18,"column":6},"end":{"line":27,"column":8}},"9":{"start":{"line":20,"column":8},"end":{"line":20,"column":43}},"10":{"start":{"line":21,"column":26},"end":{"line":21,"column":65}},"11":{"start":{"line":22,"column":8},"end":{"line":22,"column":63}},"12":{"start":{"line":23,"column":8},"end":{"line":23,"column":27}},"13":{"start":{"line":26,"column":8},"end":{"line":26,"column":23}},"14":{"start":{"line":29,"column":6},"end":{"line":29,"column":21}}},"fnMap":{"0":{"name":"(anonymous_0)","decl":{"start":{"line":3,"column":22},"end":{"line":3,"column":23}},"loc":{"start":{"line":3,"column":37},"end":{"line":7,"column":3}},"line":3},"1":{"name":"(anonymous_1)","decl":{"start":{"line":8,"column":26},"end":{"line":8,"column":27}},"loc":{"start":{"line":8,"column":42},"end":{"line":31,"column":3}},"line":8},"2":{"name":"(anonymous_2)","decl":{"start":{"line":13,"column":6},"end":{"line":13,"column":7}},"loc":{"start":{"line":13,"column":38},"end":{"line":15,"column":7}},"line":13},"3":{"name":"(anonymous_3)","decl":{"start":{"line":17,"column":10},"end":{"line":17,"column":11}},"loc":{"start":{"line":17,"column":19},"end":{"line":28,"column":5}},"line":17},"4":{"name":"(anonymous_4)","decl":{"start":{"line":19,"column":12},"end":{"line":19,"column":13}},"loc":{"start":{"line":19,"column":24},"end":{"line":24,"column":7}},"line":19},"5":{"name":"(anonymous_5)","decl":{"start":{"line":25,"column":13},"end":{"line":25,"column":14}},"loc":{"start":{"line":25,"column":18},"end":{"line":27,"column":7}},"line":25},"6":{"name":"(anonymous_6)","decl":{"start":{"line":28,"column":13},"end":{"line":28,"column":14}},"loc":{"start":{"line":28,"column":18},"end":{"line":30,"column":5}},"line":28}},"branchMap":{},"s":{"0":1,"1":0,"2":0,"3":0,"4":1,"5":0,"6":0,"7":0,"8":0,"9":0,"10":0,"11":0,"12":0,"13":0,"14":0},"f":{"0":0,"1":0,"2":0,"3":0,"4":0,"5":0,"6":0},"b":{},"_coverageSchema":"1a1c01bbd47fc00a2c39e90264f33305004495a9","hash":"7d051b53b01730764f041cf7f25854135cfcc4ee"}
}
